[2025-04-19T16:16:10.005+0800] {local_task_job_runner.py:123} INFO - ::group::Pre task execution logs
[2025-04-19T16:16:10.012+0800] {taskinstance.py:2614} INFO - Dependencies all met for dep_context=non-requeueable deps ti=<TaskInstance: reddit_yf_scraper.preprocess_and_aggregate manual__2025-04-19T05:23:16.481934+00:00 [queued]>
[2025-04-19T16:16:10.016+0800] {taskinstance.py:2614} INFO - Dependencies all met for dep_context=requeueable deps ti=<TaskInstance: reddit_yf_scraper.preprocess_and_aggregate manual__2025-04-19T05:23:16.481934+00:00 [queued]>
[2025-04-19T16:16:10.016+0800] {taskinstance.py:2867} INFO - Starting attempt 3 of 4
[2025-04-19T16:16:10.021+0800] {taskinstance.py:2890} INFO - Executing <Task(_PythonDecoratedOperator): preprocess_and_aggregate> on 2025-04-19 05:23:16.481934+00:00
[2025-04-19T16:16:10.026+0800] {standard_task_runner.py:72} INFO - Started process 27435 to run task
[2025-04-19T16:16:10.030+0800] {standard_task_runner.py:104} INFO - Running: ['airflow', 'tasks', 'run', 'reddit_yf_scraper', 'preprocess_and_aggregate', 'manual__2025-04-19T05:23:16.481934+00:00', '--job-id', '734', '--raw', '--subdir', 'DAGS_FOLDER/dag.py', '--cfg-path', '/var/folders/2f/rw5w89ss6nl38qvq2cxrh29w0000gn/T/tmpoxwlrgec']
[2025-04-19T16:16:10.032+0800] {standard_task_runner.py:105} INFO - Job 734: Subtask preprocess_and_aggregate
[2025-04-19T16:16:10.055+0800] {task_command.py:467} INFO - Running <TaskInstance: reddit_yf_scraper.preprocess_and_aggregate manual__2025-04-19T05:23:16.481934+00:00 [running]> on host yueyaos-macbook-pro.local
[2025-04-19T16:16:10.086+0800] {taskinstance.py:3134} INFO - Exporting env vars: AIRFLOW_CTX_DAG_OWNER='airflow' AIRFLOW_CTX_DAG_ID='reddit_yf_scraper' AIRFLOW_CTX_TASK_ID='preprocess_and_aggregate' AIRFLOW_CTX_EXECUTION_DATE='2025-04-19T05:23:16.481934+00:00' AIRFLOW_CTX_TRY_NUMBER='3' AIRFLOW_CTX_DAG_RUN_ID='manual__2025-04-19T05:23:16.481934+00:00'
[2025-04-19T16:16:10.087+0800] {logging_mixin.py:190} INFO - Task instance is in running state
[2025-04-19T16:16:10.087+0800] {logging_mixin.py:190} INFO -  Previous state of the Task instance: queued
[2025-04-19T16:16:10.087+0800] {logging_mixin.py:190} INFO - Current task name:preprocess_and_aggregate state:running start_date:2025-04-19 08:16:10.013110+00:00
[2025-04-19T16:16:10.087+0800] {logging_mixin.py:190} INFO - Dag name:reddit_yf_scraper and current dag run status:running
[2025-04-19T16:16:10.087+0800] {taskinstance.py:732} INFO - ::endgroup::
[2025-04-19T16:16:13.561+0800] {logging_mixin.py:190} INFO - ✅ Processed and saved: /Users/yueyaoz/Downloads/IS3107-FinSum/airflow/processed/A_processed_20250419.csv
[2025-04-19T16:16:14.873+0800] {logging_mixin.py:190} WARNING - /Users/yueyaoz/Downloads/IS3107-FinSum/airflow/dags/dag.py:328 FutureWarning: The behavior of DataFrame concatenation with empty or all-NA entries is deprecated. In a future version, this will no longer exclude empty or all-NA columns when determining the result dtypes. To retain the old behavior, exclude the relevant entries before the concat operation.
[2025-04-19T16:16:14.878+0800] {logging_mixin.py:190} INFO - ✅ Processed and saved: /Users/yueyaoz/Downloads/IS3107-FinSum/airflow/processed/AAPL_processed_20250419.csv
[2025-04-19T16:16:16.208+0800] {logging_mixin.py:190} WARNING - /Users/yueyaoz/Downloads/IS3107-FinSum/airflow/dags/dag.py:328 FutureWarning: The behavior of DataFrame concatenation with empty or all-NA entries is deprecated. In a future version, this will no longer exclude empty or all-NA columns when determining the result dtypes. To retain the old behavior, exclude the relevant entries before the concat operation.
[2025-04-19T16:16:16.220+0800] {logging_mixin.py:190} INFO - ✅ Processed and saved: /Users/yueyaoz/Downloads/IS3107-FinSum/airflow/processed/ABBV_processed_20250419.csv
[2025-04-19T16:16:17.581+0800] {logging_mixin.py:190} WARNING - /Users/yueyaoz/Downloads/IS3107-FinSum/airflow/dags/dag.py:328 FutureWarning: The behavior of DataFrame concatenation with empty or all-NA entries is deprecated. In a future version, this will no longer exclude empty or all-NA columns when determining the result dtypes. To retain the old behavior, exclude the relevant entries before the concat operation.
[2025-04-19T16:16:17.590+0800] {logging_mixin.py:190} INFO - ✅ Processed and saved: /Users/yueyaoz/Downloads/IS3107-FinSum/airflow/processed/ABNB_processed_20250419.csv
[2025-04-19T16:16:19.049+0800] {logging_mixin.py:190} WARNING - /Users/yueyaoz/Downloads/IS3107-FinSum/airflow/dags/dag.py:328 FutureWarning: The behavior of DataFrame concatenation with empty or all-NA entries is deprecated. In a future version, this will no longer exclude empty or all-NA columns when determining the result dtypes. To retain the old behavior, exclude the relevant entries before the concat operation.
[2025-04-19T16:16:19.060+0800] {logging_mixin.py:190} INFO - ✅ Processed and saved: /Users/yueyaoz/Downloads/IS3107-FinSum/airflow/processed/ABT_processed_20250419.csv
[2025-04-19T16:16:20.303+0800] {logging_mixin.py:190} INFO - ✅ Processed and saved: /Users/yueyaoz/Downloads/IS3107-FinSum/airflow/processed/ACGL_processed_20250419.csv
[2025-04-19T16:16:21.386+0800] {logging_mixin.py:190} INFO - ✅ Processed and saved: /Users/yueyaoz/Downloads/IS3107-FinSum/airflow/processed/ACN_processed_20250419.csv
[2025-04-19T16:16:22.570+0800] {logging_mixin.py:190} INFO - ✅ Processed and saved: /Users/yueyaoz/Downloads/IS3107-FinSum/airflow/processed/ADBE_processed_20250419.csv
[2025-04-19T16:16:23.624+0800] {logging_mixin.py:190} INFO - ✅ Processed and saved: /Users/yueyaoz/Downloads/IS3107-FinSum/airflow/processed/ADI_processed_20250419.csv
[2025-04-19T16:16:24.754+0800] {logging_mixin.py:190} INFO - ✅ Processed and saved: /Users/yueyaoz/Downloads/IS3107-FinSum/airflow/processed/ADM_processed_20250419.csv
[2025-04-19T16:16:26.122+0800] {logging_mixin.py:190} INFO - ✅ Processed and saved: /Users/yueyaoz/Downloads/IS3107-FinSum/airflow/processed/ADP_processed_20250419.csv
[2025-04-19T16:16:27.406+0800] {logging_mixin.py:190} INFO - ✅ Processed and saved: /Users/yueyaoz/Downloads/IS3107-FinSum/airflow/processed/ADSK_processed_20250419.csv
[2025-04-19T16:16:28.569+0800] {logging_mixin.py:190} INFO - ✅ Processed and saved: /Users/yueyaoz/Downloads/IS3107-FinSum/airflow/processed/AEE_processed_20250419.csv
[2025-04-19T16:16:29.679+0800] {logging_mixin.py:190} INFO - ✅ Processed and saved: /Users/yueyaoz/Downloads/IS3107-FinSum/airflow/processed/AEP_processed_20250419.csv
[2025-04-19T16:16:30.819+0800] {logging_mixin.py:190} INFO - ✅ Processed and saved: /Users/yueyaoz/Downloads/IS3107-FinSum/airflow/processed/AES_processed_20250419.csv
[2025-04-19T16:16:31.949+0800] {logging_mixin.py:190} INFO - ✅ Processed and saved: /Users/yueyaoz/Downloads/IS3107-FinSum/airflow/processed/AFL_processed_20250419.csv
[2025-04-19T16:16:33.092+0800] {logging_mixin.py:190} INFO - ✅ Processed and saved: /Users/yueyaoz/Downloads/IS3107-FinSum/airflow/processed/AIG_processed_20250419.csv
[2025-04-19T16:16:34.163+0800] {logging_mixin.py:190} INFO - ✅ Processed and saved: /Users/yueyaoz/Downloads/IS3107-FinSum/airflow/processed/AIZ_processed_20250419.csv
[2025-04-19T16:16:35.247+0800] {logging_mixin.py:190} INFO - ✅ Processed and saved: /Users/yueyaoz/Downloads/IS3107-FinSum/airflow/processed/AJG_processed_20250419.csv
[2025-04-19T16:16:36.326+0800] {logging_mixin.py:190} INFO - ✅ Processed and saved: /Users/yueyaoz/Downloads/IS3107-FinSum/airflow/processed/AKAM_processed_20250419.csv
[2025-04-19T16:16:37.514+0800] {logging_mixin.py:190} INFO - ✅ Processed and saved: /Users/yueyaoz/Downloads/IS3107-FinSum/airflow/processed/ALB_processed_20250419.csv
[2025-04-19T16:16:38.641+0800] {logging_mixin.py:190} INFO - ✅ Processed and saved: /Users/yueyaoz/Downloads/IS3107-FinSum/airflow/processed/ALGN_processed_20250419.csv
[2025-04-19T16:16:39.796+0800] {logging_mixin.py:190} WARNING - /Users/yueyaoz/Downloads/IS3107-FinSum/airflow/dags/dag.py:328 FutureWarning: The behavior of DataFrame concatenation with empty or all-NA entries is deprecated. In a future version, this will no longer exclude empty or all-NA columns when determining the result dtypes. To retain the old behavior, exclude the relevant entries before the concat operation.
[2025-04-19T16:16:39.806+0800] {logging_mixin.py:190} INFO - ✅ Processed and saved: /Users/yueyaoz/Downloads/IS3107-FinSum/airflow/processed/ALL_processed_20250419.csv
[2025-04-19T16:16:41.065+0800] {logging_mixin.py:190} WARNING - /Users/yueyaoz/Downloads/IS3107-FinSum/airflow/dags/dag.py:328 FutureWarning: The behavior of DataFrame concatenation with empty or all-NA entries is deprecated. In a future version, this will no longer exclude empty or all-NA columns when determining the result dtypes. To retain the old behavior, exclude the relevant entries before the concat operation.
[2025-04-19T16:16:41.073+0800] {logging_mixin.py:190} INFO - ✅ Processed and saved: /Users/yueyaoz/Downloads/IS3107-FinSum/airflow/processed/ALLE_processed_20250419.csv
[2025-04-19T16:16:42.243+0800] {logging_mixin.py:190} INFO - ✅ Processed and saved: /Users/yueyaoz/Downloads/IS3107-FinSum/airflow/processed/AMAT_processed_20250419.csv
[2025-04-19T16:16:43.407+0800] {logging_mixin.py:190} INFO - ✅ Processed and saved: /Users/yueyaoz/Downloads/IS3107-FinSum/airflow/processed/AMCR_processed_20250419.csv
[2025-04-19T16:16:44.522+0800] {logging_mixin.py:190} WARNING - /Users/yueyaoz/Downloads/IS3107-FinSum/airflow/dags/dag.py:328 FutureWarning: The behavior of DataFrame concatenation with empty or all-NA entries is deprecated. In a future version, this will no longer exclude empty or all-NA columns when determining the result dtypes. To retain the old behavior, exclude the relevant entries before the concat operation.
[2025-04-19T16:16:44.533+0800] {logging_mixin.py:190} INFO - ✅ Processed and saved: /Users/yueyaoz/Downloads/IS3107-FinSum/airflow/processed/AMD_processed_20250419.csv
[2025-04-19T16:16:45.639+0800] {logging_mixin.py:190} INFO - ✅ Processed and saved: /Users/yueyaoz/Downloads/IS3107-FinSum/airflow/processed/AME_processed_20250419.csv
[2025-04-19T16:16:46.758+0800] {logging_mixin.py:190} INFO - ✅ Processed and saved: /Users/yueyaoz/Downloads/IS3107-FinSum/airflow/processed/AMGN_processed_20250419.csv
[2025-04-19T16:16:47.835+0800] {logging_mixin.py:190} INFO - ✅ Processed and saved: /Users/yueyaoz/Downloads/IS3107-FinSum/airflow/processed/AMP_processed_20250419.csv
[2025-04-19T16:16:48.937+0800] {logging_mixin.py:190} INFO - ✅ Processed and saved: /Users/yueyaoz/Downloads/IS3107-FinSum/airflow/processed/AMT_processed_20250419.csv
[2025-04-19T16:16:50.054+0800] {logging_mixin.py:190} INFO - ✅ Processed and saved: /Users/yueyaoz/Downloads/IS3107-FinSum/airflow/processed/AMTM_processed_20250419.csv
[2025-04-19T16:16:51.181+0800] {logging_mixin.py:190} WARNING - /Users/yueyaoz/Downloads/IS3107-FinSum/airflow/dags/dag.py:328 FutureWarning: The behavior of DataFrame concatenation with empty or all-NA entries is deprecated. In a future version, this will no longer exclude empty or all-NA columns when determining the result dtypes. To retain the old behavior, exclude the relevant entries before the concat operation.
[2025-04-19T16:16:51.191+0800] {logging_mixin.py:190} INFO - ✅ Processed and saved: /Users/yueyaoz/Downloads/IS3107-FinSum/airflow/processed/AMZN_processed_20250419.csv
[2025-04-19T16:16:52.252+0800] {logging_mixin.py:190} WARNING - /Users/yueyaoz/Downloads/IS3107-FinSum/airflow/dags/dag.py:328 FutureWarning: The behavior of DataFrame concatenation with empty or all-NA entries is deprecated. In a future version, this will no longer exclude empty or all-NA columns when determining the result dtypes. To retain the old behavior, exclude the relevant entries before the concat operation.
[2025-04-19T16:16:52.263+0800] {logging_mixin.py:190} INFO - ✅ Processed and saved: /Users/yueyaoz/Downloads/IS3107-FinSum/airflow/processed/ANET_processed_20250419.csv
[2025-04-19T16:16:53.326+0800] {logging_mixin.py:190} INFO - ✅ Processed and saved: /Users/yueyaoz/Downloads/IS3107-FinSum/airflow/processed/ANSS_processed_20250419.csv
[2025-04-19T16:16:54.407+0800] {logging_mixin.py:190} INFO - ✅ Processed and saved: /Users/yueyaoz/Downloads/IS3107-FinSum/airflow/processed/AON_processed_20250419.csv
[2025-04-19T16:16:55.487+0800] {logging_mixin.py:190} INFO - ✅ Processed and saved: /Users/yueyaoz/Downloads/IS3107-FinSum/airflow/processed/AOS_processed_20250419.csv
[2025-04-19T16:16:56.509+0800] {logging_mixin.py:190} INFO - ✅ Processed and saved: /Users/yueyaoz/Downloads/IS3107-FinSum/airflow/processed/APA_processed_20250419.csv
[2025-04-19T16:16:57.608+0800] {logging_mixin.py:190} INFO - ✅ Processed and saved: /Users/yueyaoz/Downloads/IS3107-FinSum/airflow/processed/APD_processed_20250419.csv
[2025-04-19T16:16:58.698+0800] {logging_mixin.py:190} INFO - ✅ Processed and saved: /Users/yueyaoz/Downloads/IS3107-FinSum/airflow/processed/APH_processed_20250419.csv
[2025-04-19T16:17:00.050+0800] {logging_mixin.py:190} INFO - ✅ Processed and saved: /Users/yueyaoz/Downloads/IS3107-FinSum/airflow/processed/APTV_processed_20250419.csv
[2025-04-19T16:17:01.192+0800] {logging_mixin.py:190} WARNING - /Users/yueyaoz/Downloads/IS3107-FinSum/airflow/dags/dag.py:328 FutureWarning: The behavior of DataFrame concatenation with empty or all-NA entries is deprecated. In a future version, this will no longer exclude empty or all-NA columns when determining the result dtypes. To retain the old behavior, exclude the relevant entries before the concat operation.
[2025-04-19T16:17:01.200+0800] {logging_mixin.py:190} INFO - ✅ Processed and saved: /Users/yueyaoz/Downloads/IS3107-FinSum/airflow/processed/ARE_processed_20250419.csv
[2025-04-19T16:17:02.257+0800] {logging_mixin.py:190} INFO - ✅ Processed and saved: /Users/yueyaoz/Downloads/IS3107-FinSum/airflow/processed/ATO_processed_20250419.csv
[2025-04-19T16:17:03.357+0800] {logging_mixin.py:190} INFO - ✅ Processed and saved: /Users/yueyaoz/Downloads/IS3107-FinSum/airflow/processed/AVB_processed_20250419.csv
[2025-04-19T16:17:04.558+0800] {logging_mixin.py:190} WARNING - /Users/yueyaoz/Downloads/IS3107-FinSum/airflow/dags/dag.py:328 FutureWarning: The behavior of DataFrame concatenation with empty or all-NA entries is deprecated. In a future version, this will no longer exclude empty or all-NA columns when determining the result dtypes. To retain the old behavior, exclude the relevant entries before the concat operation.
[2025-04-19T16:17:04.568+0800] {logging_mixin.py:190} INFO - ✅ Processed and saved: /Users/yueyaoz/Downloads/IS3107-FinSum/airflow/processed/AVGO_processed_20250419.csv
[2025-04-19T16:17:05.686+0800] {logging_mixin.py:190} INFO - ✅ Processed and saved: /Users/yueyaoz/Downloads/IS3107-FinSum/airflow/processed/AVY_processed_20250419.csv
[2025-04-19T16:17:06.850+0800] {logging_mixin.py:190} INFO - ✅ Processed and saved: /Users/yueyaoz/Downloads/IS3107-FinSum/airflow/processed/AWK_processed_20250419.csv
[2025-04-19T16:17:07.985+0800] {logging_mixin.py:190} INFO - ✅ Processed and saved: /Users/yueyaoz/Downloads/IS3107-FinSum/airflow/processed/AXON_processed_20250419.csv
[2025-04-19T16:17:09.091+0800] {logging_mixin.py:190} INFO - ✅ Processed and saved: /Users/yueyaoz/Downloads/IS3107-FinSum/airflow/processed/AXP_processed_20250419.csv
[2025-04-19T16:17:10.276+0800] {logging_mixin.py:190} INFO - ✅ Processed and saved: /Users/yueyaoz/Downloads/IS3107-FinSum/airflow/processed/AZO_processed_20250419.csv
[2025-04-19T16:17:11.473+0800] {taskinstance.py:3313} ERROR - Task failed with exception
AttributeError: 'float' object has no attribute 'rint'

The above exception was the direct cause of the following exception:

Traceback (most recent call last):
  File "/Users/yueyaoz/Downloads/IS3107-FinSum/.airflow/lib/python3.10/site-packages/airflow/models/taskinstance.py", line 768, in _execute_task
    result = _execute_callable(context=context, **execute_callable_kwargs)
  File "/Users/yueyaoz/Downloads/IS3107-FinSum/.airflow/lib/python3.10/site-packages/airflow/models/taskinstance.py", line 734, in _execute_callable
    return ExecutionCallableRunner(
  File "/Users/yueyaoz/Downloads/IS3107-FinSum/.airflow/lib/python3.10/site-packages/airflow/utils/operator_helpers.py", line 252, in run
    return self.func(*args, **kwargs)
  File "/Users/yueyaoz/Downloads/IS3107-FinSum/.airflow/lib/python3.10/site-packages/airflow/models/baseoperator.py", line 424, in wrapper
    return func(self, *args, **kwargs)
  File "/Users/yueyaoz/Downloads/IS3107-FinSum/.airflow/lib/python3.10/site-packages/airflow/decorators/base.py", line 266, in execute
    return_value = super().execute(context)
  File "/Users/yueyaoz/Downloads/IS3107-FinSum/.airflow/lib/python3.10/site-packages/airflow/models/baseoperator.py", line 424, in wrapper
    return func(self, *args, **kwargs)
  File "/Users/yueyaoz/Downloads/IS3107-FinSum/.airflow/lib/python3.10/site-packages/airflow/operators/python.py", line 238, in execute
    return_value = self.execute_callable()
  File "/Users/yueyaoz/Downloads/IS3107-FinSum/.airflow/lib/python3.10/site-packages/airflow/operators/python.py", line 256, in execute_callable
    return runner.run(*self.op_args, **self.op_kwargs)
  File "/Users/yueyaoz/Downloads/IS3107-FinSum/.airflow/lib/python3.10/site-packages/airflow/utils/operator_helpers.py", line 252, in run
    return self.func(*args, **kwargs)
  File "/Users/yueyaoz/Downloads/IS3107-FinSum/airflow/dags/dag.py", line 348, in preprocess_and_aggregate
    aggregated_df['Sentiment'] = aggregated_df['Sentiment'].round(3)
  File "/Users/yueyaoz/Downloads/IS3107-FinSum/.airflow/lib/python3.10/site-packages/pandas/core/series.py", line 2692, in round
    result = self._values.round(decimals)
TypeError: loop of ufunc does not support argument 0 of type float which has no callable rint method
[2025-04-19T16:17:11.483+0800] {logging_mixin.py:190} INFO - Task instance in failure state
[2025-04-19T16:17:11.484+0800] {logging_mixin.py:190} INFO - Task start:2025-04-19 08:16:10.013110+00:00 end:2025-04-19 08:17:11.483638+00:00 duration:61.470528
[2025-04-19T16:17:11.484+0800] {logging_mixin.py:190} INFO - Task:<Task(_PythonDecoratedOperator): preprocess_and_aggregate> dag:<DAG: reddit_yf_scraper> dagrun:<DagRun reddit_yf_scraper @ 2025-04-19 05:23:16.481934+00:00: manual__2025-04-19T05:23:16.481934+00:00, state:running, queued_at: 2025-04-19 08:16:05.284558+00:00. externally triggered: True>
[2025-04-19T16:17:11.484+0800] {logging_mixin.py:190} INFO - Failure caused by loop of ufunc does not support argument 0 of type float which has no callable rint method
[2025-04-19T16:17:11.485+0800] {taskinstance.py:1226} INFO - Marking task as UP_FOR_RETRY. dag_id=reddit_yf_scraper, task_id=preprocess_and_aggregate, run_id=manual__2025-04-19T05:23:16.481934+00:00, execution_date=20250419T052316, start_date=20250419T081610, end_date=20250419T081711
[2025-04-19T16:17:11.494+0800] {taskinstance.py:341} INFO - ::group::Post task execution logs
[2025-04-19T16:17:11.494+0800] {standard_task_runner.py:124} ERROR - Failed to execute job 734 for task preprocess_and_aggregate (loop of ufunc does not support argument 0 of type float which has no callable rint method; 27435)
AttributeError: 'float' object has no attribute 'rint'

The above exception was the direct cause of the following exception:

Traceback (most recent call last):
  File "/Users/yueyaoz/Downloads/IS3107-FinSum/.airflow/lib/python3.10/site-packages/airflow/task/task_runner/standard_task_runner.py", line 117, in _start_by_fork
    ret = args.func(args, dag=self.dag)
  File "/Users/yueyaoz/Downloads/IS3107-FinSum/.airflow/lib/python3.10/site-packages/airflow/cli/cli_config.py", line 49, in command
    return func(*args, **kwargs)
  File "/Users/yueyaoz/Downloads/IS3107-FinSum/.airflow/lib/python3.10/site-packages/airflow/utils/cli.py", line 116, in wrapper
    return f(*args, **kwargs)
  File "/Users/yueyaoz/Downloads/IS3107-FinSum/.airflow/lib/python3.10/site-packages/airflow/cli/commands/task_command.py", line 483, in task_run
    task_return_code = _run_task_by_selected_method(args, _dag, ti)
  File "/Users/yueyaoz/Downloads/IS3107-FinSum/.airflow/lib/python3.10/site-packages/airflow/cli/commands/task_command.py", line 256, in _run_task_by_selected_method
    return _run_raw_task(args, ti)
  File "/Users/yueyaoz/Downloads/IS3107-FinSum/.airflow/lib/python3.10/site-packages/airflow/cli/commands/task_command.py", line 341, in _run_raw_task
    return ti._run_raw_task(
  File "/Users/yueyaoz/Downloads/IS3107-FinSum/.airflow/lib/python3.10/site-packages/airflow/utils/session.py", line 97, in wrapper
    return func(*args, session=session, **kwargs)
  File "/Users/yueyaoz/Downloads/IS3107-FinSum/.airflow/lib/python3.10/site-packages/airflow/models/taskinstance.py", line 3006, in _run_raw_task
    return _run_raw_task(
  File "/Users/yueyaoz/Downloads/IS3107-FinSum/.airflow/lib/python3.10/site-packages/airflow/models/taskinstance.py", line 274, in _run_raw_task
    TaskInstance._execute_task_with_callbacks(
  File "/Users/yueyaoz/Downloads/IS3107-FinSum/.airflow/lib/python3.10/site-packages/airflow/models/taskinstance.py", line 3161, in _execute_task_with_callbacks
    result = self._execute_task(context, task_orig)
  File "/Users/yueyaoz/Downloads/IS3107-FinSum/.airflow/lib/python3.10/site-packages/airflow/models/taskinstance.py", line 3185, in _execute_task
    return _execute_task(self, context, task_orig)
  File "/Users/yueyaoz/Downloads/IS3107-FinSum/.airflow/lib/python3.10/site-packages/airflow/models/taskinstance.py", line 768, in _execute_task
    result = _execute_callable(context=context, **execute_callable_kwargs)
  File "/Users/yueyaoz/Downloads/IS3107-FinSum/.airflow/lib/python3.10/site-packages/airflow/models/taskinstance.py", line 734, in _execute_callable
    return ExecutionCallableRunner(
  File "/Users/yueyaoz/Downloads/IS3107-FinSum/.airflow/lib/python3.10/site-packages/airflow/utils/operator_helpers.py", line 252, in run
    return self.func(*args, **kwargs)
  File "/Users/yueyaoz/Downloads/IS3107-FinSum/.airflow/lib/python3.10/site-packages/airflow/models/baseoperator.py", line 424, in wrapper
    return func(self, *args, **kwargs)
  File "/Users/yueyaoz/Downloads/IS3107-FinSum/.airflow/lib/python3.10/site-packages/airflow/decorators/base.py", line 266, in execute
    return_value = super().execute(context)
  File "/Users/yueyaoz/Downloads/IS3107-FinSum/.airflow/lib/python3.10/site-packages/airflow/models/baseoperator.py", line 424, in wrapper
    return func(self, *args, **kwargs)
  File "/Users/yueyaoz/Downloads/IS3107-FinSum/.airflow/lib/python3.10/site-packages/airflow/operators/python.py", line 238, in execute
    return_value = self.execute_callable()
  File "/Users/yueyaoz/Downloads/IS3107-FinSum/.airflow/lib/python3.10/site-packages/airflow/operators/python.py", line 256, in execute_callable
    return runner.run(*self.op_args, **self.op_kwargs)
  File "/Users/yueyaoz/Downloads/IS3107-FinSum/.airflow/lib/python3.10/site-packages/airflow/utils/operator_helpers.py", line 252, in run
    return self.func(*args, **kwargs)
  File "/Users/yueyaoz/Downloads/IS3107-FinSum/airflow/dags/dag.py", line 348, in preprocess_and_aggregate
    aggregated_df['Sentiment'] = aggregated_df['Sentiment'].round(3)
  File "/Users/yueyaoz/Downloads/IS3107-FinSum/.airflow/lib/python3.10/site-packages/pandas/core/series.py", line 2692, in round
    result = self._values.round(decimals)
TypeError: loop of ufunc does not support argument 0 of type float which has no callable rint method
[2025-04-19T16:17:11.509+0800] {local_task_job_runner.py:266} INFO - Task exited with return code 1
[2025-04-19T16:17:11.519+0800] {taskinstance.py:3901} INFO - 0 downstream tasks scheduled from follow-on schedule check
[2025-04-19T16:17:11.519+0800] {local_task_job_runner.py:245} INFO - ::endgroup::
