[2025-04-19T16:25:52.726+0800] {local_task_job_runner.py:123} INFO - ::group::Pre task execution logs
[2025-04-19T16:25:52.734+0800] {taskinstance.py:2614} INFO - Dependencies all met for dep_context=non-requeueable deps ti=<TaskInstance: reddit_yf_scraper.preprocess_and_aggregate manual__2025-04-19T05:23:16.481934+00:00 [queued]>
[2025-04-19T16:25:52.737+0800] {taskinstance.py:2614} INFO - Dependencies all met for dep_context=requeueable deps ti=<TaskInstance: reddit_yf_scraper.preprocess_and_aggregate manual__2025-04-19T05:23:16.481934+00:00 [queued]>
[2025-04-19T16:25:52.737+0800] {taskinstance.py:2867} INFO - Starting attempt 6 of 7
[2025-04-19T16:25:52.743+0800] {taskinstance.py:2890} INFO - Executing <Task(_PythonDecoratedOperator): preprocess_and_aggregate> on 2025-04-19 05:23:16.481934+00:00
[2025-04-19T16:25:52.747+0800] {standard_task_runner.py:72} INFO - Started process 28121 to run task
[2025-04-19T16:25:52.751+0800] {standard_task_runner.py:104} INFO - Running: ['airflow', 'tasks', 'run', 'reddit_yf_scraper', 'preprocess_and_aggregate', 'manual__2025-04-19T05:23:16.481934+00:00', '--job-id', '737', '--raw', '--subdir', 'DAGS_FOLDER/dag.py', '--cfg-path', '/var/folders/2f/rw5w89ss6nl38qvq2cxrh29w0000gn/T/tmpj0go_035']
[2025-04-19T16:25:52.752+0800] {standard_task_runner.py:105} INFO - Job 737: Subtask preprocess_and_aggregate
[2025-04-19T16:25:52.776+0800] {task_command.py:467} INFO - Running <TaskInstance: reddit_yf_scraper.preprocess_and_aggregate manual__2025-04-19T05:23:16.481934+00:00 [running]> on host yueyaos-macbook-pro.local
[2025-04-19T16:25:52.810+0800] {taskinstance.py:3134} INFO - Exporting env vars: AIRFLOW_CTX_DAG_OWNER='airflow' AIRFLOW_CTX_DAG_ID='reddit_yf_scraper' AIRFLOW_CTX_TASK_ID='preprocess_and_aggregate' AIRFLOW_CTX_EXECUTION_DATE='2025-04-19T05:23:16.481934+00:00' AIRFLOW_CTX_TRY_NUMBER='6' AIRFLOW_CTX_DAG_RUN_ID='manual__2025-04-19T05:23:16.481934+00:00'
[2025-04-19T16:25:52.811+0800] {logging_mixin.py:190} INFO - Task instance is in running state
[2025-04-19T16:25:52.811+0800] {logging_mixin.py:190} INFO -  Previous state of the Task instance: queued
[2025-04-19T16:25:52.811+0800] {logging_mixin.py:190} INFO - Current task name:preprocess_and_aggregate state:running start_date:2025-04-19 08:25:52.734384+00:00
[2025-04-19T16:25:52.811+0800] {logging_mixin.py:190} INFO - Dag name:reddit_yf_scraper and current dag run status:running
[2025-04-19T16:25:52.811+0800] {taskinstance.py:732} INFO - ::endgroup::
[2025-04-19T16:25:56.199+0800] {logging_mixin.py:190} INFO - ✅ Processed and saved: /Users/yueyaoz/Downloads/IS3107-FinSum/airflow/processed/A_processed_20250419.csv
[2025-04-19T16:25:57.420+0800] {logging_mixin.py:190} WARNING - /Users/yueyaoz/Downloads/IS3107-FinSum/airflow/dags/dag.py:329 FutureWarning: The behavior of DataFrame concatenation with empty or all-NA entries is deprecated. In a future version, this will no longer exclude empty or all-NA columns when determining the result dtypes. To retain the old behavior, exclude the relevant entries before the concat operation.
[2025-04-19T16:25:57.430+0800] {logging_mixin.py:190} INFO - ✅ Processed and saved: /Users/yueyaoz/Downloads/IS3107-FinSum/airflow/processed/AAPL_processed_20250419.csv
[2025-04-19T16:25:58.480+0800] {logging_mixin.py:190} WARNING - /Users/yueyaoz/Downloads/IS3107-FinSum/airflow/dags/dag.py:329 FutureWarning: The behavior of DataFrame concatenation with empty or all-NA entries is deprecated. In a future version, this will no longer exclude empty or all-NA columns when determining the result dtypes. To retain the old behavior, exclude the relevant entries before the concat operation.
[2025-04-19T16:25:58.491+0800] {logging_mixin.py:190} INFO - ✅ Processed and saved: /Users/yueyaoz/Downloads/IS3107-FinSum/airflow/processed/ABBV_processed_20250419.csv
[2025-04-19T16:25:59.778+0800] {logging_mixin.py:190} WARNING - /Users/yueyaoz/Downloads/IS3107-FinSum/airflow/dags/dag.py:329 FutureWarning: The behavior of DataFrame concatenation with empty or all-NA entries is deprecated. In a future version, this will no longer exclude empty or all-NA columns when determining the result dtypes. To retain the old behavior, exclude the relevant entries before the concat operation.
[2025-04-19T16:25:59.787+0800] {logging_mixin.py:190} INFO - ✅ Processed and saved: /Users/yueyaoz/Downloads/IS3107-FinSum/airflow/processed/ABNB_processed_20250419.csv
[2025-04-19T16:26:00.908+0800] {logging_mixin.py:190} WARNING - /Users/yueyaoz/Downloads/IS3107-FinSum/airflow/dags/dag.py:329 FutureWarning: The behavior of DataFrame concatenation with empty or all-NA entries is deprecated. In a future version, this will no longer exclude empty or all-NA columns when determining the result dtypes. To retain the old behavior, exclude the relevant entries before the concat operation.
[2025-04-19T16:26:00.918+0800] {logging_mixin.py:190} INFO - ✅ Processed and saved: /Users/yueyaoz/Downloads/IS3107-FinSum/airflow/processed/ABT_processed_20250419.csv
[2025-04-19T16:26:02.248+0800] {logging_mixin.py:190} INFO - ✅ Processed and saved: /Users/yueyaoz/Downloads/IS3107-FinSum/airflow/processed/ACGL_processed_20250419.csv
[2025-04-19T16:26:03.433+0800] {logging_mixin.py:190} INFO - ✅ Processed and saved: /Users/yueyaoz/Downloads/IS3107-FinSum/airflow/processed/ACN_processed_20250419.csv
[2025-04-19T16:26:04.603+0800] {logging_mixin.py:190} INFO - ✅ Processed and saved: /Users/yueyaoz/Downloads/IS3107-FinSum/airflow/processed/ADBE_processed_20250419.csv
[2025-04-19T16:26:05.722+0800] {logging_mixin.py:190} INFO - ✅ Processed and saved: /Users/yueyaoz/Downloads/IS3107-FinSum/airflow/processed/ADI_processed_20250419.csv
[2025-04-19T16:26:06.754+0800] {logging_mixin.py:190} INFO - ✅ Processed and saved: /Users/yueyaoz/Downloads/IS3107-FinSum/airflow/processed/ADM_processed_20250419.csv
[2025-04-19T16:26:07.876+0800] {logging_mixin.py:190} INFO - ✅ Processed and saved: /Users/yueyaoz/Downloads/IS3107-FinSum/airflow/processed/ADP_processed_20250419.csv
[2025-04-19T16:26:09.016+0800] {logging_mixin.py:190} INFO - ✅ Processed and saved: /Users/yueyaoz/Downloads/IS3107-FinSum/airflow/processed/ADSK_processed_20250419.csv
[2025-04-19T16:26:10.134+0800] {logging_mixin.py:190} INFO - ✅ Processed and saved: /Users/yueyaoz/Downloads/IS3107-FinSum/airflow/processed/AEE_processed_20250419.csv
[2025-04-19T16:26:11.191+0800] {logging_mixin.py:190} INFO - ✅ Processed and saved: /Users/yueyaoz/Downloads/IS3107-FinSum/airflow/processed/AEP_processed_20250419.csv
[2025-04-19T16:26:12.285+0800] {logging_mixin.py:190} INFO - ✅ Processed and saved: /Users/yueyaoz/Downloads/IS3107-FinSum/airflow/processed/AES_processed_20250419.csv
[2025-04-19T16:26:13.520+0800] {logging_mixin.py:190} INFO - ✅ Processed and saved: /Users/yueyaoz/Downloads/IS3107-FinSum/airflow/processed/AFL_processed_20250419.csv
[2025-04-19T16:26:14.597+0800] {logging_mixin.py:190} INFO - ✅ Processed and saved: /Users/yueyaoz/Downloads/IS3107-FinSum/airflow/processed/AIG_processed_20250419.csv
[2025-04-19T16:26:15.695+0800] {logging_mixin.py:190} INFO - ✅ Processed and saved: /Users/yueyaoz/Downloads/IS3107-FinSum/airflow/processed/AIZ_processed_20250419.csv
[2025-04-19T16:26:16.744+0800] {logging_mixin.py:190} INFO - ✅ Processed and saved: /Users/yueyaoz/Downloads/IS3107-FinSum/airflow/processed/AJG_processed_20250419.csv
[2025-04-19T16:26:17.849+0800] {logging_mixin.py:190} INFO - ✅ Processed and saved: /Users/yueyaoz/Downloads/IS3107-FinSum/airflow/processed/AKAM_processed_20250419.csv
[2025-04-19T16:26:18.941+0800] {logging_mixin.py:190} INFO - ✅ Processed and saved: /Users/yueyaoz/Downloads/IS3107-FinSum/airflow/processed/ALB_processed_20250419.csv
[2025-04-19T16:26:19.995+0800] {logging_mixin.py:190} INFO - ✅ Processed and saved: /Users/yueyaoz/Downloads/IS3107-FinSum/airflow/processed/ALGN_processed_20250419.csv
[2025-04-19T16:26:21.186+0800] {logging_mixin.py:190} WARNING - /Users/yueyaoz/Downloads/IS3107-FinSum/airflow/dags/dag.py:329 FutureWarning: The behavior of DataFrame concatenation with empty or all-NA entries is deprecated. In a future version, this will no longer exclude empty or all-NA columns when determining the result dtypes. To retain the old behavior, exclude the relevant entries before the concat operation.
[2025-04-19T16:26:21.196+0800] {logging_mixin.py:190} INFO - ✅ Processed and saved: /Users/yueyaoz/Downloads/IS3107-FinSum/airflow/processed/ALL_processed_20250419.csv
[2025-04-19T16:26:22.496+0800] {logging_mixin.py:190} WARNING - /Users/yueyaoz/Downloads/IS3107-FinSum/airflow/dags/dag.py:329 FutureWarning: The behavior of DataFrame concatenation with empty or all-NA entries is deprecated. In a future version, this will no longer exclude empty or all-NA columns when determining the result dtypes. To retain the old behavior, exclude the relevant entries before the concat operation.
[2025-04-19T16:26:22.506+0800] {logging_mixin.py:190} INFO - ✅ Processed and saved: /Users/yueyaoz/Downloads/IS3107-FinSum/airflow/processed/ALLE_processed_20250419.csv
[2025-04-19T16:26:23.743+0800] {logging_mixin.py:190} INFO - ✅ Processed and saved: /Users/yueyaoz/Downloads/IS3107-FinSum/airflow/processed/AMAT_processed_20250419.csv
[2025-04-19T16:26:25.392+0800] {logging_mixin.py:190} INFO - ✅ Processed and saved: /Users/yueyaoz/Downloads/IS3107-FinSum/airflow/processed/AMCR_processed_20250419.csv
[2025-04-19T16:26:26.613+0800] {logging_mixin.py:190} WARNING - /Users/yueyaoz/Downloads/IS3107-FinSum/airflow/dags/dag.py:329 FutureWarning: The behavior of DataFrame concatenation with empty or all-NA entries is deprecated. In a future version, this will no longer exclude empty or all-NA columns when determining the result dtypes. To retain the old behavior, exclude the relevant entries before the concat operation.
[2025-04-19T16:26:26.623+0800] {logging_mixin.py:190} INFO - ✅ Processed and saved: /Users/yueyaoz/Downloads/IS3107-FinSum/airflow/processed/AMD_processed_20250419.csv
[2025-04-19T16:26:27.745+0800] {logging_mixin.py:190} INFO - ✅ Processed and saved: /Users/yueyaoz/Downloads/IS3107-FinSum/airflow/processed/AME_processed_20250419.csv
[2025-04-19T16:26:29.181+0800] {logging_mixin.py:190} INFO - ✅ Processed and saved: /Users/yueyaoz/Downloads/IS3107-FinSum/airflow/processed/AMGN_processed_20250419.csv
[2025-04-19T16:26:30.378+0800] {logging_mixin.py:190} INFO - ✅ Processed and saved: /Users/yueyaoz/Downloads/IS3107-FinSum/airflow/processed/AMP_processed_20250419.csv
[2025-04-19T16:26:31.537+0800] {logging_mixin.py:190} INFO - ✅ Processed and saved: /Users/yueyaoz/Downloads/IS3107-FinSum/airflow/processed/AMT_processed_20250419.csv
[2025-04-19T16:26:32.741+0800] {logging_mixin.py:190} INFO - ✅ Processed and saved: /Users/yueyaoz/Downloads/IS3107-FinSum/airflow/processed/AMTM_processed_20250419.csv
[2025-04-19T16:26:33.885+0800] {logging_mixin.py:190} WARNING - /Users/yueyaoz/Downloads/IS3107-FinSum/airflow/dags/dag.py:329 FutureWarning: The behavior of DataFrame concatenation with empty or all-NA entries is deprecated. In a future version, this will no longer exclude empty or all-NA columns when determining the result dtypes. To retain the old behavior, exclude the relevant entries before the concat operation.
[2025-04-19T16:26:33.895+0800] {logging_mixin.py:190} INFO - ✅ Processed and saved: /Users/yueyaoz/Downloads/IS3107-FinSum/airflow/processed/AMZN_processed_20250419.csv
[2025-04-19T16:26:35.214+0800] {logging_mixin.py:190} WARNING - /Users/yueyaoz/Downloads/IS3107-FinSum/airflow/dags/dag.py:329 FutureWarning: The behavior of DataFrame concatenation with empty or all-NA entries is deprecated. In a future version, this will no longer exclude empty or all-NA columns when determining the result dtypes. To retain the old behavior, exclude the relevant entries before the concat operation.
[2025-04-19T16:26:35.224+0800] {logging_mixin.py:190} INFO - ✅ Processed and saved: /Users/yueyaoz/Downloads/IS3107-FinSum/airflow/processed/ANET_processed_20250419.csv
[2025-04-19T16:26:36.343+0800] {logging_mixin.py:190} INFO - ✅ Processed and saved: /Users/yueyaoz/Downloads/IS3107-FinSum/airflow/processed/ANSS_processed_20250419.csv
[2025-04-19T16:26:37.475+0800] {logging_mixin.py:190} INFO - ✅ Processed and saved: /Users/yueyaoz/Downloads/IS3107-FinSum/airflow/processed/AON_processed_20250419.csv
[2025-04-19T16:26:38.601+0800] {logging_mixin.py:190} INFO - ✅ Processed and saved: /Users/yueyaoz/Downloads/IS3107-FinSum/airflow/processed/AOS_processed_20250419.csv
[2025-04-19T16:26:39.727+0800] {logging_mixin.py:190} INFO - ✅ Processed and saved: /Users/yueyaoz/Downloads/IS3107-FinSum/airflow/processed/APA_processed_20250419.csv
[2025-04-19T16:26:40.852+0800] {logging_mixin.py:190} INFO - ✅ Processed and saved: /Users/yueyaoz/Downloads/IS3107-FinSum/airflow/processed/APD_processed_20250419.csv
[2025-04-19T16:26:42.073+0800] {logging_mixin.py:190} INFO - ✅ Processed and saved: /Users/yueyaoz/Downloads/IS3107-FinSum/airflow/processed/APH_processed_20250419.csv
[2025-04-19T16:26:43.213+0800] {logging_mixin.py:190} INFO - ✅ Processed and saved: /Users/yueyaoz/Downloads/IS3107-FinSum/airflow/processed/APTV_processed_20250419.csv
[2025-04-19T16:26:44.738+0800] {logging_mixin.py:190} WARNING - /Users/yueyaoz/Downloads/IS3107-FinSum/airflow/dags/dag.py:329 FutureWarning: The behavior of DataFrame concatenation with empty or all-NA entries is deprecated. In a future version, this will no longer exclude empty or all-NA columns when determining the result dtypes. To retain the old behavior, exclude the relevant entries before the concat operation.
[2025-04-19T16:26:44.748+0800] {logging_mixin.py:190} INFO - ✅ Processed and saved: /Users/yueyaoz/Downloads/IS3107-FinSum/airflow/processed/ARE_processed_20250419.csv
[2025-04-19T16:26:45.870+0800] {logging_mixin.py:190} INFO - ✅ Processed and saved: /Users/yueyaoz/Downloads/IS3107-FinSum/airflow/processed/ATO_processed_20250419.csv
[2025-04-19T16:26:47.092+0800] {logging_mixin.py:190} INFO - ✅ Processed and saved: /Users/yueyaoz/Downloads/IS3107-FinSum/airflow/processed/AVB_processed_20250419.csv
[2025-04-19T16:26:48.316+0800] {logging_mixin.py:190} WARNING - /Users/yueyaoz/Downloads/IS3107-FinSum/airflow/dags/dag.py:329 FutureWarning: The behavior of DataFrame concatenation with empty or all-NA entries is deprecated. In a future version, this will no longer exclude empty or all-NA columns when determining the result dtypes. To retain the old behavior, exclude the relevant entries before the concat operation.
[2025-04-19T16:26:48.326+0800] {logging_mixin.py:190} INFO - ✅ Processed and saved: /Users/yueyaoz/Downloads/IS3107-FinSum/airflow/processed/AVGO_processed_20250419.csv
[2025-04-19T16:26:49.457+0800] {logging_mixin.py:190} INFO - ✅ Processed and saved: /Users/yueyaoz/Downloads/IS3107-FinSum/airflow/processed/AVY_processed_20250419.csv
[2025-04-19T16:26:50.790+0800] {logging_mixin.py:190} INFO - ✅ Processed and saved: /Users/yueyaoz/Downloads/IS3107-FinSum/airflow/processed/AWK_processed_20250419.csv
[2025-04-19T16:26:51.913+0800] {logging_mixin.py:190} INFO - ✅ Processed and saved: /Users/yueyaoz/Downloads/IS3107-FinSum/airflow/processed/AXON_processed_20250419.csv
[2025-04-19T16:26:53.141+0800] {logging_mixin.py:190} INFO - ✅ Processed and saved: /Users/yueyaoz/Downloads/IS3107-FinSum/airflow/processed/AXP_processed_20250419.csv
[2025-04-19T16:26:54.363+0800] {logging_mixin.py:190} INFO - ✅ Processed and saved: /Users/yueyaoz/Downloads/IS3107-FinSum/airflow/processed/AZO_processed_20250419.csv
[2025-04-19T16:26:55.700+0800] {taskinstance.py:3313} ERROR - Task failed with exception
AttributeError: 'float' object has no attribute 'rint'

The above exception was the direct cause of the following exception:

Traceback (most recent call last):
  File "/Users/yueyaoz/Downloads/IS3107-FinSum/.airflow/lib/python3.10/site-packages/airflow/models/taskinstance.py", line 768, in _execute_task
    result = _execute_callable(context=context, **execute_callable_kwargs)
  File "/Users/yueyaoz/Downloads/IS3107-FinSum/.airflow/lib/python3.10/site-packages/airflow/models/taskinstance.py", line 734, in _execute_callable
    return ExecutionCallableRunner(
  File "/Users/yueyaoz/Downloads/IS3107-FinSum/.airflow/lib/python3.10/site-packages/airflow/utils/operator_helpers.py", line 252, in run
    return self.func(*args, **kwargs)
  File "/Users/yueyaoz/Downloads/IS3107-FinSum/.airflow/lib/python3.10/site-packages/airflow/models/baseoperator.py", line 424, in wrapper
    return func(self, *args, **kwargs)
  File "/Users/yueyaoz/Downloads/IS3107-FinSum/.airflow/lib/python3.10/site-packages/airflow/decorators/base.py", line 266, in execute
    return_value = super().execute(context)
  File "/Users/yueyaoz/Downloads/IS3107-FinSum/.airflow/lib/python3.10/site-packages/airflow/models/baseoperator.py", line 424, in wrapper
    return func(self, *args, **kwargs)
  File "/Users/yueyaoz/Downloads/IS3107-FinSum/.airflow/lib/python3.10/site-packages/airflow/operators/python.py", line 238, in execute
    return_value = self.execute_callable()
  File "/Users/yueyaoz/Downloads/IS3107-FinSum/.airflow/lib/python3.10/site-packages/airflow/operators/python.py", line 256, in execute_callable
    return runner.run(*self.op_args, **self.op_kwargs)
  File "/Users/yueyaoz/Downloads/IS3107-FinSum/.airflow/lib/python3.10/site-packages/airflow/utils/operator_helpers.py", line 252, in run
    return self.func(*args, **kwargs)
  File "/Users/yueyaoz/Downloads/IS3107-FinSum/airflow/dags/dag.py", line 352, in preprocess_and_aggregate
    aggregated_df['Sentiment'] = aggregated_df['Sentiment'].round(3)
  File "/Users/yueyaoz/Downloads/IS3107-FinSum/.airflow/lib/python3.10/site-packages/pandas/core/series.py", line 2692, in round
    result = self._values.round(decimals)
TypeError: loop of ufunc does not support argument 0 of type float which has no callable rint method
[2025-04-19T16:26:55.713+0800] {logging_mixin.py:190} INFO - Task instance in failure state
[2025-04-19T16:26:55.713+0800] {logging_mixin.py:190} INFO - Task start:2025-04-19 08:25:52.734384+00:00 end:2025-04-19 08:26:55.713113+00:00 duration:62.978729
[2025-04-19T16:26:55.714+0800] {logging_mixin.py:190} INFO - Task:<Task(_PythonDecoratedOperator): preprocess_and_aggregate> dag:<DAG: reddit_yf_scraper> dagrun:<DagRun reddit_yf_scraper @ 2025-04-19 05:23:16.481934+00:00: manual__2025-04-19T05:23:16.481934+00:00, state:running, queued_at: 2025-04-19 08:16:05.284558+00:00. externally triggered: True>
[2025-04-19T16:26:55.714+0800] {logging_mixin.py:190} INFO - Failure caused by loop of ufunc does not support argument 0 of type float which has no callable rint method
[2025-04-19T16:26:55.715+0800] {taskinstance.py:1226} INFO - Marking task as UP_FOR_RETRY. dag_id=reddit_yf_scraper, task_id=preprocess_and_aggregate, run_id=manual__2025-04-19T05:23:16.481934+00:00, execution_date=20250419T052316, start_date=20250419T082552, end_date=20250419T082655
[2025-04-19T16:26:55.727+0800] {taskinstance.py:341} INFO - ::group::Post task execution logs
[2025-04-19T16:26:55.727+0800] {standard_task_runner.py:124} ERROR - Failed to execute job 737 for task preprocess_and_aggregate (loop of ufunc does not support argument 0 of type float which has no callable rint method; 28121)
AttributeError: 'float' object has no attribute 'rint'

The above exception was the direct cause of the following exception:

Traceback (most recent call last):
  File "/Users/yueyaoz/Downloads/IS3107-FinSum/.airflow/lib/python3.10/site-packages/airflow/task/task_runner/standard_task_runner.py", line 117, in _start_by_fork
    ret = args.func(args, dag=self.dag)
  File "/Users/yueyaoz/Downloads/IS3107-FinSum/.airflow/lib/python3.10/site-packages/airflow/cli/cli_config.py", line 49, in command
    return func(*args, **kwargs)
  File "/Users/yueyaoz/Downloads/IS3107-FinSum/.airflow/lib/python3.10/site-packages/airflow/utils/cli.py", line 116, in wrapper
    return f(*args, **kwargs)
  File "/Users/yueyaoz/Downloads/IS3107-FinSum/.airflow/lib/python3.10/site-packages/airflow/cli/commands/task_command.py", line 483, in task_run
    task_return_code = _run_task_by_selected_method(args, _dag, ti)
  File "/Users/yueyaoz/Downloads/IS3107-FinSum/.airflow/lib/python3.10/site-packages/airflow/cli/commands/task_command.py", line 256, in _run_task_by_selected_method
    return _run_raw_task(args, ti)
  File "/Users/yueyaoz/Downloads/IS3107-FinSum/.airflow/lib/python3.10/site-packages/airflow/cli/commands/task_command.py", line 341, in _run_raw_task
    return ti._run_raw_task(
  File "/Users/yueyaoz/Downloads/IS3107-FinSum/.airflow/lib/python3.10/site-packages/airflow/utils/session.py", line 97, in wrapper
    return func(*args, session=session, **kwargs)
  File "/Users/yueyaoz/Downloads/IS3107-FinSum/.airflow/lib/python3.10/site-packages/airflow/models/taskinstance.py", line 3006, in _run_raw_task
    return _run_raw_task(
  File "/Users/yueyaoz/Downloads/IS3107-FinSum/.airflow/lib/python3.10/site-packages/airflow/models/taskinstance.py", line 274, in _run_raw_task
    TaskInstance._execute_task_with_callbacks(
  File "/Users/yueyaoz/Downloads/IS3107-FinSum/.airflow/lib/python3.10/site-packages/airflow/models/taskinstance.py", line 3161, in _execute_task_with_callbacks
    result = self._execute_task(context, task_orig)
  File "/Users/yueyaoz/Downloads/IS3107-FinSum/.airflow/lib/python3.10/site-packages/airflow/models/taskinstance.py", line 3185, in _execute_task
    return _execute_task(self, context, task_orig)
  File "/Users/yueyaoz/Downloads/IS3107-FinSum/.airflow/lib/python3.10/site-packages/airflow/models/taskinstance.py", line 768, in _execute_task
    result = _execute_callable(context=context, **execute_callable_kwargs)
  File "/Users/yueyaoz/Downloads/IS3107-FinSum/.airflow/lib/python3.10/site-packages/airflow/models/taskinstance.py", line 734, in _execute_callable
    return ExecutionCallableRunner(
  File "/Users/yueyaoz/Downloads/IS3107-FinSum/.airflow/lib/python3.10/site-packages/airflow/utils/operator_helpers.py", line 252, in run
    return self.func(*args, **kwargs)
  File "/Users/yueyaoz/Downloads/IS3107-FinSum/.airflow/lib/python3.10/site-packages/airflow/models/baseoperator.py", line 424, in wrapper
    return func(self, *args, **kwargs)
  File "/Users/yueyaoz/Downloads/IS3107-FinSum/.airflow/lib/python3.10/site-packages/airflow/decorators/base.py", line 266, in execute
    return_value = super().execute(context)
  File "/Users/yueyaoz/Downloads/IS3107-FinSum/.airflow/lib/python3.10/site-packages/airflow/models/baseoperator.py", line 424, in wrapper
    return func(self, *args, **kwargs)
  File "/Users/yueyaoz/Downloads/IS3107-FinSum/.airflow/lib/python3.10/site-packages/airflow/operators/python.py", line 238, in execute
    return_value = self.execute_callable()
  File "/Users/yueyaoz/Downloads/IS3107-FinSum/.airflow/lib/python3.10/site-packages/airflow/operators/python.py", line 256, in execute_callable
    return runner.run(*self.op_args, **self.op_kwargs)
  File "/Users/yueyaoz/Downloads/IS3107-FinSum/.airflow/lib/python3.10/site-packages/airflow/utils/operator_helpers.py", line 252, in run
    return self.func(*args, **kwargs)
  File "/Users/yueyaoz/Downloads/IS3107-FinSum/airflow/dags/dag.py", line 352, in preprocess_and_aggregate
    aggregated_df['Sentiment'] = aggregated_df['Sentiment'].round(3)
  File "/Users/yueyaoz/Downloads/IS3107-FinSum/.airflow/lib/python3.10/site-packages/pandas/core/series.py", line 2692, in round
    result = self._values.round(decimals)
TypeError: loop of ufunc does not support argument 0 of type float which has no callable rint method
[2025-04-19T16:26:55.783+0800] {local_task_job_runner.py:266} INFO - Task exited with return code 1
[2025-04-19T16:26:55.796+0800] {taskinstance.py:3901} INFO - 0 downstream tasks scheduled from follow-on schedule check
[2025-04-19T16:26:55.796+0800] {local_task_job_runner.py:245} INFO - ::endgroup::
