[2025-04-24T22:40:29.380+0800] {local_task_job_runner.py:123} INFO - ::group::Pre task execution logs
[2025-04-24T22:40:29.386+0800] {taskinstance.py:2614} INFO - Dependencies all met for dep_context=non-requeueable deps ti=<TaskInstance: reddit_yf_scraper.upload_reddit_to_gcs scheduled__2025-04-22T19:00:00+00:00 [queued]>
[2025-04-24T22:40:29.389+0800] {taskinstance.py:2614} INFO - Dependencies all met for dep_context=requeueable deps ti=<TaskInstance: reddit_yf_scraper.upload_reddit_to_gcs scheduled__2025-04-22T19:00:00+00:00 [queued]>
[2025-04-24T22:40:29.389+0800] {taskinstance.py:2867} INFO - Starting attempt 1 of 2
[2025-04-24T22:40:29.395+0800] {taskinstance.py:2890} INFO - Executing <Task(LocalFilesystemToGCSOperator): upload_reddit_to_gcs> on 2025-04-22 19:00:00+00:00
[2025-04-24T22:40:29.399+0800] {standard_task_runner.py:72} INFO - Started process 39764 to run task
[2025-04-24T22:40:29.402+0800] {standard_task_runner.py:104} INFO - Running: ['airflow', 'tasks', 'run', 'reddit_yf_scraper', 'upload_reddit_to_gcs', 'scheduled__2025-04-22T19:00:00+00:00', '--job-id', '912', '--raw', '--subdir', 'DAGS_FOLDER/dag.py', '--cfg-path', '/var/folders/2f/rw5w89ss6nl38qvq2cxrh29w0000gn/T/tmpk7vvk3r8']
[2025-04-24T22:40:29.403+0800] {standard_task_runner.py:105} INFO - Job 912: Subtask upload_reddit_to_gcs
[2025-04-24T22:40:29.423+0800] {task_command.py:467} INFO - Running <TaskInstance: reddit_yf_scraper.upload_reddit_to_gcs scheduled__2025-04-22T19:00:00+00:00 [running]> on host yueyaos-macbook-pro.local
[2025-04-24T22:40:29.449+0800] {taskinstance.py:3134} INFO - Exporting env vars: AIRFLOW_CTX_DAG_OWNER='airflow' AIRFLOW_CTX_DAG_ID='reddit_yf_scraper' AIRFLOW_CTX_TASK_ID='upload_reddit_to_gcs' AIRFLOW_CTX_EXECUTION_DATE='2025-04-22T19:00:00+00:00' AIRFLOW_CTX_TRY_NUMBER='1' AIRFLOW_CTX_DAG_RUN_ID='scheduled__2025-04-22T19:00:00+00:00'
[2025-04-24T22:40:29.450+0800] {logging_mixin.py:190} INFO - Task instance is in running state
[2025-04-24T22:40:29.450+0800] {logging_mixin.py:190} INFO -  Previous state of the Task instance: queued
[2025-04-24T22:40:29.450+0800] {logging_mixin.py:190} INFO - Current task name:upload_reddit_to_gcs state:running start_date:2025-04-24 14:40:29.386621+00:00
[2025-04-24T22:40:29.450+0800] {logging_mixin.py:190} INFO - Dag name:reddit_yf_scraper and current dag run status:running
[2025-04-24T22:40:29.450+0800] {taskinstance.py:732} INFO - ::endgroup::
[2025-04-24T22:40:29.452+0800] {connection.py:277} WARNING - Connection schemes (type: google_cloud_platform) shall not contain '_' according to RFC3986.
[2025-04-24T22:40:29.454+0800] {base.py:84} INFO - Retrieving connection 'google_cloud_default'
[2025-04-24T22:40:30.046+0800] {gcs.py:579} INFO - File /Users/yueyaoz/Downloads/IS3107-FinSum/airflow/snp500-reddit-test/PKG_reddit_20250424.csv uploaded to reddit-test/PKG_reddit_20250424.csv in is3107_bucket bucket
[2025-04-24T22:40:30.047+0800] {hook.py:208} WARNING - Data lineage tracking is disabled. Register a hook lineage reader to start tracking hook lineage.
[2025-04-24T22:40:30.888+0800] {hook.py:208} WARNING - Data lineage tracking is disabled. Register a hook lineage reader to start tracking hook lineage.
[2025-04-24T22:40:30.891+0800] {gcs.py:579} INFO - File /Users/yueyaoz/Downloads/IS3107-FinSum/airflow/snp500-reddit-test/EBAY_reddit_20250424.csv uploaded to reddit-test/EBAY_reddit_20250424.csv in is3107_bucket bucket
[2025-04-24T22:40:30.891+0800] {hook.py:208} WARNING - Data lineage tracking is disabled. Register a hook lineage reader to start tracking hook lineage.
[2025-04-24T22:40:31.234+0800] {hook.py:208} WARNING - Data lineage tracking is disabled. Register a hook lineage reader to start tracking hook lineage.
[2025-04-24T22:40:31.235+0800] {gcs.py:579} INFO - File /Users/yueyaoz/Downloads/IS3107-FinSum/airflow/snp500-reddit-test/CTVA_reddit_20250424.csv uploaded to reddit-test/CTVA_reddit_20250424.csv in is3107_bucket bucket
[2025-04-24T22:40:31.237+0800] {hook.py:208} WARNING - Data lineage tracking is disabled. Register a hook lineage reader to start tracking hook lineage.
[2025-04-24T22:40:32.192+0800] {hook.py:208} WARNING - Data lineage tracking is disabled. Register a hook lineage reader to start tracking hook lineage.
[2025-04-24T22:40:32.195+0800] {gcs.py:579} INFO - File /Users/yueyaoz/Downloads/IS3107-FinSum/airflow/snp500-reddit-test/TSLA_reddit_20250424.csv uploaded to reddit-test/TSLA_reddit_20250424.csv in is3107_bucket bucket
[2025-04-24T22:40:32.196+0800] {hook.py:208} WARNING - Data lineage tracking is disabled. Register a hook lineage reader to start tracking hook lineage.
[2025-04-24T22:40:32.602+0800] {hook.py:208} WARNING - Data lineage tracking is disabled. Register a hook lineage reader to start tracking hook lineage.
[2025-04-24T22:40:32.603+0800] {gcs.py:579} INFO - File /Users/yueyaoz/Downloads/IS3107-FinSum/airflow/snp500-reddit-test/SW_reddit_20250424.csv uploaded to reddit-test/SW_reddit_20250424.csv in is3107_bucket bucket
[2025-04-24T22:40:32.605+0800] {hook.py:208} WARNING - Data lineage tracking is disabled. Register a hook lineage reader to start tracking hook lineage.
[2025-04-24T22:40:33.528+0800] {hook.py:208} WARNING - Data lineage tracking is disabled. Register a hook lineage reader to start tracking hook lineage.
[2025-04-24T22:40:33.530+0800] {gcs.py:579} INFO - File /Users/yueyaoz/Downloads/IS3107-FinSum/airflow/snp500-reddit-test/LYV_reddit_20250424.csv uploaded to reddit-test/LYV_reddit_20250424.csv in is3107_bucket bucket
[2025-04-24T22:40:33.532+0800] {hook.py:208} WARNING - Data lineage tracking is disabled. Register a hook lineage reader to start tracking hook lineage.
[2025-04-24T22:40:33.932+0800] {hook.py:208} WARNING - Data lineage tracking is disabled. Register a hook lineage reader to start tracking hook lineage.
[2025-04-24T22:40:33.934+0800] {gcs.py:579} INFO - File /Users/yueyaoz/Downloads/IS3107-FinSum/airflow/snp500-reddit-test/MTCH_reddit_20250424.csv uploaded to reddit-test/MTCH_reddit_20250424.csv in is3107_bucket bucket
[2025-04-24T22:40:33.935+0800] {hook.py:208} WARNING - Data lineage tracking is disabled. Register a hook lineage reader to start tracking hook lineage.
[2025-04-24T22:40:34.856+0800] {hook.py:208} WARNING - Data lineage tracking is disabled. Register a hook lineage reader to start tracking hook lineage.
[2025-04-24T22:40:34.859+0800] {gcs.py:579} INFO - File /Users/yueyaoz/Downloads/IS3107-FinSum/airflow/snp500-reddit-test/NVR_reddit_20250424.csv uploaded to reddit-test/NVR_reddit_20250424.csv in is3107_bucket bucket
[2025-04-24T22:40:34.860+0800] {hook.py:208} WARNING - Data lineage tracking is disabled. Register a hook lineage reader to start tracking hook lineage.
[2025-04-24T22:40:35.265+0800] {hook.py:208} WARNING - Data lineage tracking is disabled. Register a hook lineage reader to start tracking hook lineage.
[2025-04-24T22:40:35.267+0800] {gcs.py:579} INFO - File /Users/yueyaoz/Downloads/IS3107-FinSum/airflow/snp500-reddit-test/BWA_reddit_20250424.csv uploaded to reddit-test/BWA_reddit_20250424.csv in is3107_bucket bucket
[2025-04-24T22:40:35.268+0800] {hook.py:208} WARNING - Data lineage tracking is disabled. Register a hook lineage reader to start tracking hook lineage.
[2025-04-24T22:40:36.187+0800] {hook.py:208} WARNING - Data lineage tracking is disabled. Register a hook lineage reader to start tracking hook lineage.
[2025-04-24T22:40:36.189+0800] {gcs.py:579} INFO - File /Users/yueyaoz/Downloads/IS3107-FinSum/airflow/snp500-reddit-test/RL_reddit_20250424.csv uploaded to reddit-test/RL_reddit_20250424.csv in is3107_bucket bucket
[2025-04-24T22:40:36.190+0800] {hook.py:208} WARNING - Data lineage tracking is disabled. Register a hook lineage reader to start tracking hook lineage.
[2025-04-24T22:40:36.597+0800] {hook.py:208} WARNING - Data lineage tracking is disabled. Register a hook lineage reader to start tracking hook lineage.
[2025-04-24T22:40:36.599+0800] {gcs.py:579} INFO - File /Users/yueyaoz/Downloads/IS3107-FinSum/airflow/snp500-reddit-test/WBD_reddit_20250424.csv uploaded to reddit-test/WBD_reddit_20250424.csv in is3107_bucket bucket
[2025-04-24T22:40:36.600+0800] {hook.py:208} WARNING - Data lineage tracking is disabled. Register a hook lineage reader to start tracking hook lineage.
[2025-04-24T22:40:37.517+0800] {hook.py:208} WARNING - Data lineage tracking is disabled. Register a hook lineage reader to start tracking hook lineage.
[2025-04-24T22:40:37.519+0800] {gcs.py:579} INFO - File /Users/yueyaoz/Downloads/IS3107-FinSum/airflow/snp500-reddit-test/HD_reddit_20250424.csv uploaded to reddit-test/HD_reddit_20250424.csv in is3107_bucket bucket
[2025-04-24T22:40:37.520+0800] {hook.py:208} WARNING - Data lineage tracking is disabled. Register a hook lineage reader to start tracking hook lineage.
[2025-04-24T22:40:37.929+0800] {hook.py:208} WARNING - Data lineage tracking is disabled. Register a hook lineage reader to start tracking hook lineage.
[2025-04-24T22:40:37.931+0800] {gcs.py:579} INFO - File /Users/yueyaoz/Downloads/IS3107-FinSum/airflow/snp500-reddit-test/FOXA_reddit_20250424.csv uploaded to reddit-test/FOXA_reddit_20250424.csv in is3107_bucket bucket
[2025-04-24T22:40:37.932+0800] {hook.py:208} WARNING - Data lineage tracking is disabled. Register a hook lineage reader to start tracking hook lineage.
[2025-04-24T22:40:38.848+0800] {hook.py:208} WARNING - Data lineage tracking is disabled. Register a hook lineage reader to start tracking hook lineage.
[2025-04-24T22:40:38.850+0800] {gcs.py:579} INFO - File /Users/yueyaoz/Downloads/IS3107-FinSum/airflow/snp500-reddit-test/LYB_reddit_20250424.csv uploaded to reddit-test/LYB_reddit_20250424.csv in is3107_bucket bucket
[2025-04-24T22:40:38.851+0800] {hook.py:208} WARNING - Data lineage tracking is disabled. Register a hook lineage reader to start tracking hook lineage.
[2025-04-24T22:40:39.256+0800] {hook.py:208} WARNING - Data lineage tracking is disabled. Register a hook lineage reader to start tracking hook lineage.
[2025-04-24T22:40:39.257+0800] {gcs.py:579} INFO - File /Users/yueyaoz/Downloads/IS3107-FinSum/airflow/snp500-reddit-test/CZR_reddit_20250424.csv uploaded to reddit-test/CZR_reddit_20250424.csv in is3107_bucket bucket
[2025-04-24T22:40:39.257+0800] {hook.py:208} WARNING - Data lineage tracking is disabled. Register a hook lineage reader to start tracking hook lineage.
[2025-04-24T22:40:40.114+0800] {hook.py:208} WARNING - Data lineage tracking is disabled. Register a hook lineage reader to start tracking hook lineage.
[2025-04-24T22:40:40.117+0800] {gcs.py:579} INFO - File /Users/yueyaoz/Downloads/IS3107-FinSum/airflow/snp500-reddit-test/APD_reddit_20250424.csv uploaded to reddit-test/APD_reddit_20250424.csv in is3107_bucket bucket
[2025-04-24T22:40:40.118+0800] {hook.py:208} WARNING - Data lineage tracking is disabled. Register a hook lineage reader to start tracking hook lineage.
[2025-04-24T22:40:40.590+0800] {hook.py:208} WARNING - Data lineage tracking is disabled. Register a hook lineage reader to start tracking hook lineage.
[2025-04-24T22:40:40.592+0800] {gcs.py:579} INFO - File /Users/yueyaoz/Downloads/IS3107-FinSum/airflow/snp500-reddit-test/LIN_reddit_20250424.csv uploaded to reddit-test/LIN_reddit_20250424.csv in is3107_bucket bucket
[2025-04-24T22:40:40.593+0800] {hook.py:208} WARNING - Data lineage tracking is disabled. Register a hook lineage reader to start tracking hook lineage.
[2025-04-24T22:40:41.510+0800] {hook.py:208} WARNING - Data lineage tracking is disabled. Register a hook lineage reader to start tracking hook lineage.
[2025-04-24T22:40:41.512+0800] {gcs.py:579} INFO - File /Users/yueyaoz/Downloads/IS3107-FinSum/airflow/snp500-reddit-test/DECK_reddit_20250424.csv uploaded to reddit-test/DECK_reddit_20250424.csv in is3107_bucket bucket
[2025-04-24T22:40:41.512+0800] {hook.py:208} WARNING - Data lineage tracking is disabled. Register a hook lineage reader to start tracking hook lineage.
[2025-04-24T22:40:41.919+0800] {hook.py:208} WARNING - Data lineage tracking is disabled. Register a hook lineage reader to start tracking hook lineage.
[2025-04-24T22:40:41.921+0800] {gcs.py:579} INFO - File /Users/yueyaoz/Downloads/IS3107-FinSum/airflow/snp500-reddit-test/IPG_reddit_20250424.csv uploaded to reddit-test/IPG_reddit_20250424.csv in is3107_bucket bucket
[2025-04-24T22:40:41.922+0800] {hook.py:208} WARNING - Data lineage tracking is disabled. Register a hook lineage reader to start tracking hook lineage.
[2025-04-24T22:40:42.771+0800] {hook.py:208} WARNING - Data lineage tracking is disabled. Register a hook lineage reader to start tracking hook lineage.
[2025-04-24T22:40:42.772+0800] {gcs.py:579} INFO - File /Users/yueyaoz/Downloads/IS3107-FinSum/airflow/snp500-reddit-test/ORLY_reddit_20250424.csv uploaded to reddit-test/ORLY_reddit_20250424.csv in is3107_bucket bucket
[2025-04-24T22:40:42.772+0800] {hook.py:208} WARNING - Data lineage tracking is disabled. Register a hook lineage reader to start tracking hook lineage.
[2025-04-24T22:40:43.211+0800] {hook.py:208} WARNING - Data lineage tracking is disabled. Register a hook lineage reader to start tracking hook lineage.
[2025-04-24T22:40:43.213+0800] {gcs.py:579} INFO - File /Users/yueyaoz/Downloads/IS3107-FinSum/airflow/snp500-reddit-test/ROL_reddit_20250424.csv uploaded to reddit-test/ROL_reddit_20250424.csv in is3107_bucket bucket
[2025-04-24T22:40:43.214+0800] {hook.py:208} WARNING - Data lineage tracking is disabled. Register a hook lineage reader to start tracking hook lineage.
[2025-04-24T22:40:44.071+0800] {hook.py:208} WARNING - Data lineage tracking is disabled. Register a hook lineage reader to start tracking hook lineage.
[2025-04-24T22:40:44.074+0800] {gcs.py:579} INFO - File /Users/yueyaoz/Downloads/IS3107-FinSum/airflow/snp500-reddit-test/PPG_reddit_20250424.csv uploaded to reddit-test/PPG_reddit_20250424.csv in is3107_bucket bucket
[2025-04-24T22:40:44.075+0800] {hook.py:208} WARNING - Data lineage tracking is disabled. Register a hook lineage reader to start tracking hook lineage.
[2025-04-24T22:40:44.480+0800] {hook.py:208} WARNING - Data lineage tracking is disabled. Register a hook lineage reader to start tracking hook lineage.
[2025-04-24T22:40:44.482+0800] {gcs.py:579} INFO - File /Users/yueyaoz/Downloads/IS3107-FinSum/airflow/snp500-reddit-test/DRI_reddit_20250424.csv uploaded to reddit-test/DRI_reddit_20250424.csv in is3107_bucket bucket
[2025-04-24T22:40:44.483+0800] {hook.py:208} WARNING - Data lineage tracking is disabled. Register a hook lineage reader to start tracking hook lineage.
[2025-04-24T22:40:45.334+0800] {hook.py:208} WARNING - Data lineage tracking is disabled. Register a hook lineage reader to start tracking hook lineage.
[2025-04-24T22:40:45.335+0800] {gcs.py:579} INFO - File /Users/yueyaoz/Downloads/IS3107-FinSum/airflow/snp500-reddit-test/AMCR_reddit_20250424.csv uploaded to reddit-test/AMCR_reddit_20250424.csv in is3107_bucket bucket
[2025-04-24T22:40:45.335+0800] {hook.py:208} WARNING - Data lineage tracking is disabled. Register a hook lineage reader to start tracking hook lineage.
[2025-04-24T22:40:45.814+0800] {hook.py:208} WARNING - Data lineage tracking is disabled. Register a hook lineage reader to start tracking hook lineage.
[2025-04-24T22:40:45.816+0800] {gcs.py:579} INFO - File /Users/yueyaoz/Downloads/IS3107-FinSum/airflow/snp500-reddit-test/LVS_reddit_20250424.csv uploaded to reddit-test/LVS_reddit_20250424.csv in is3107_bucket bucket
[2025-04-24T22:40:45.817+0800] {hook.py:208} WARNING - Data lineage tracking is disabled. Register a hook lineage reader to start tracking hook lineage.
[2025-04-24T22:40:46.632+0800] {hook.py:208} WARNING - Data lineage tracking is disabled. Register a hook lineage reader to start tracking hook lineage.
[2025-04-24T22:40:46.634+0800] {gcs.py:579} INFO - File /Users/yueyaoz/Downloads/IS3107-FinSum/airflow/snp500-reddit-test/FCX_reddit_20250424.csv uploaded to reddit-test/FCX_reddit_20250424.csv in is3107_bucket bucket
[2025-04-24T22:40:46.635+0800] {hook.py:208} WARNING - Data lineage tracking is disabled. Register a hook lineage reader to start tracking hook lineage.
[2025-04-24T22:51:02.373+0800] {job.py:229} INFO - Heartbeat recovered after 617.86 seconds
[2025-04-24T23:06:44.270+0800] {job.py:229} INFO - Heartbeat recovered after 941.90 seconds
[2025-04-24T23:22:49.921+0800] {job.py:229} INFO - Heartbeat recovered after 960.64 seconds
[2025-04-24T23:38:31.592+0800] {job.py:229} INFO - Heartbeat recovered after 941.68 seconds
[2025-04-24T23:48:04.682+0800] {job.py:229} INFO - Heartbeat recovered after 573.09 seconds
[2025-04-24T23:48:36.297+0800] {taskinstance.py:3313} ERROR - Task failed with exception
Traceback (most recent call last):
  File "/Users/yueyaoz/Downloads/IS3107-FinSum/.airflow/lib/python3.10/site-packages/urllib3/connectionpool.py", line 534, in _make_request
    response = conn.getresponse()
  File "/Users/yueyaoz/Downloads/IS3107-FinSum/.airflow/lib/python3.10/site-packages/urllib3/connection.py", line 516, in getresponse
    httplib_response = super().getresponse()
  File "/Users/yueyaoz/.pyenv/versions/3.10.13/lib/python3.10/http/client.py", line 1375, in getresponse
    response.begin()
  File "/Users/yueyaoz/.pyenv/versions/3.10.13/lib/python3.10/http/client.py", line 318, in begin
    version, status, reason = self._read_status()
  File "/Users/yueyaoz/.pyenv/versions/3.10.13/lib/python3.10/http/client.py", line 279, in _read_status
    line = str(self.fp.readline(_MAXLINE + 1), "iso-8859-1")
  File "/Users/yueyaoz/.pyenv/versions/3.10.13/lib/python3.10/socket.py", line 705, in readinto
    return self._sock.recv_into(b)
  File "/Users/yueyaoz/.pyenv/versions/3.10.13/lib/python3.10/ssl.py", line 1307, in recv_into
    return self.read(nbytes, buffer)
  File "/Users/yueyaoz/.pyenv/versions/3.10.13/lib/python3.10/ssl.py", line 1163, in read
    return self._sslobj.read(len, buffer)
TimeoutError: The read operation timed out

The above exception was the direct cause of the following exception:

Traceback (most recent call last):
  File "/Users/yueyaoz/Downloads/IS3107-FinSum/.airflow/lib/python3.10/site-packages/requests/adapters.py", line 667, in send
    resp = conn.urlopen(
  File "/Users/yueyaoz/Downloads/IS3107-FinSum/.airflow/lib/python3.10/site-packages/urllib3/connectionpool.py", line 841, in urlopen
    retries = retries.increment(
  File "/Users/yueyaoz/Downloads/IS3107-FinSum/.airflow/lib/python3.10/site-packages/urllib3/util/retry.py", line 474, in increment
    raise reraise(type(error), error, _stacktrace)
  File "/Users/yueyaoz/Downloads/IS3107-FinSum/.airflow/lib/python3.10/site-packages/urllib3/util/util.py", line 39, in reraise
    raise value
  File "/Users/yueyaoz/Downloads/IS3107-FinSum/.airflow/lib/python3.10/site-packages/urllib3/connectionpool.py", line 787, in urlopen
    response = self._make_request(
  File "/Users/yueyaoz/Downloads/IS3107-FinSum/.airflow/lib/python3.10/site-packages/urllib3/connectionpool.py", line 536, in _make_request
    self._raise_timeout(err=e, url=url, timeout_value=read_timeout)
  File "/Users/yueyaoz/Downloads/IS3107-FinSum/.airflow/lib/python3.10/site-packages/urllib3/connectionpool.py", line 367, in _raise_timeout
    raise ReadTimeoutError(
urllib3.exceptions.ReadTimeoutError: HTTPSConnectionPool(host='storage.googleapis.com', port=443): Read timed out. (read timeout=60)

During handling of the above exception, another exception occurred:

Traceback (most recent call last):
  File "/Users/yueyaoz/Downloads/IS3107-FinSum/.airflow/lib/python3.10/site-packages/airflow/models/taskinstance.py", line 768, in _execute_task
    result = _execute_callable(context=context, **execute_callable_kwargs)
  File "/Users/yueyaoz/Downloads/IS3107-FinSum/.airflow/lib/python3.10/site-packages/airflow/models/taskinstance.py", line 734, in _execute_callable
    return ExecutionCallableRunner(
  File "/Users/yueyaoz/Downloads/IS3107-FinSum/.airflow/lib/python3.10/site-packages/airflow/utils/operator_helpers.py", line 252, in run
    return self.func(*args, **kwargs)
  File "/Users/yueyaoz/Downloads/IS3107-FinSum/.airflow/lib/python3.10/site-packages/airflow/models/baseoperator.py", line 424, in wrapper
    return func(self, *args, **kwargs)
  File "/Users/yueyaoz/Downloads/IS3107-FinSum/.airflow/lib/python3.10/site-packages/airflow/providers/google/cloud/transfers/local_to_gcs.py", line 115, in execute
    hook.upload(
  File "/Users/yueyaoz/Downloads/IS3107-FinSum/.airflow/lib/python3.10/site-packages/airflow/providers/google/cloud/hooks/gcs.py", line 570, in upload
    _call_with_retry(
  File "/Users/yueyaoz/Downloads/IS3107-FinSum/.airflow/lib/python3.10/site-packages/airflow/providers/google/cloud/hooks/gcs.py", line 528, in _call_with_retry
    f()
  File "/Users/yueyaoz/.pyenv/versions/3.10.13/lib/python3.10/contextlib.py", line 79, in inner
    return func(*args, **kwds)
  File "/Users/yueyaoz/Downloads/IS3107-FinSum/.airflow/lib/python3.10/site-packages/google/cloud/storage/blob.py", line 3006, in upload_from_filename
    self._handle_filename_and_upload(
  File "/Users/yueyaoz/Downloads/IS3107-FinSum/.airflow/lib/python3.10/site-packages/google/cloud/storage/blob.py", line 2884, in _handle_filename_and_upload
    self._prep_and_do_upload(
  File "/Users/yueyaoz/Downloads/IS3107-FinSum/.airflow/lib/python3.10/site-packages/google/cloud/storage/blob.py", line 2700, in _prep_and_do_upload
    created_json = self._do_upload(
  File "/Users/yueyaoz/Downloads/IS3107-FinSum/.airflow/lib/python3.10/site-packages/google/cloud/storage/blob.py", line 2506, in _do_upload
    response = self._do_multipart_upload(
  File "/Users/yueyaoz/Downloads/IS3107-FinSum/.airflow/lib/python3.10/site-packages/google/cloud/storage/blob.py", line 2007, in _do_multipart_upload
    response = upload.transmit(
  File "/Users/yueyaoz/Downloads/IS3107-FinSum/.airflow/lib/python3.10/site-packages/google/resumable_media/requests/upload.py", line 153, in transmit
    return _request_helpers.wait_and_retry(
  File "/Users/yueyaoz/Downloads/IS3107-FinSum/.airflow/lib/python3.10/site-packages/google/resumable_media/requests/_request_helpers.py", line 178, in wait_and_retry
    raise error
  File "/Users/yueyaoz/Downloads/IS3107-FinSum/.airflow/lib/python3.10/site-packages/google/resumable_media/requests/_request_helpers.py", line 155, in wait_and_retry
    response = func()
  File "/Users/yueyaoz/Downloads/IS3107-FinSum/.airflow/lib/python3.10/site-packages/google/resumable_media/requests/upload.py", line 145, in retriable_request
    result = transport.request(
  File "/Users/yueyaoz/Downloads/IS3107-FinSum/.airflow/lib/python3.10/site-packages/google/auth/transport/requests.py", line 537, in request
    response = super(AuthorizedSession, self).request(
  File "/Users/yueyaoz/Downloads/IS3107-FinSum/.airflow/lib/python3.10/site-packages/requests/sessions.py", line 589, in request
    resp = self.send(prep, **send_kwargs)
  File "/Users/yueyaoz/Downloads/IS3107-FinSum/.airflow/lib/python3.10/site-packages/requests/sessions.py", line 703, in send
    r = adapter.send(request, **kwargs)
  File "/Users/yueyaoz/Downloads/IS3107-FinSum/.airflow/lib/python3.10/site-packages/requests/adapters.py", line 713, in send
    raise ReadTimeout(e, request=request)
requests.exceptions.ReadTimeout: HTTPSConnectionPool(host='storage.googleapis.com', port=443): Read timed out. (read timeout=60)
[2025-04-24T23:48:36.327+0800] {logging_mixin.py:190} INFO - Task instance in failure state
[2025-04-24T23:48:36.327+0800] {logging_mixin.py:190} INFO - Task start:2025-04-24 14:40:29.386621+00:00 end:2025-04-24 15:48:36.326303+00:00 duration:4086.939682
[2025-04-24T23:48:36.328+0800] {logging_mixin.py:190} INFO - Task:<Task(LocalFilesystemToGCSOperator): upload_reddit_to_gcs> dag:<DAG: reddit_yf_scraper> dagrun:<DagRun reddit_yf_scraper @ 2025-04-22 19:00:00+00:00: scheduled__2025-04-22T19:00:00+00:00, state:running, queued_at: 2025-04-23 19:16:43.831245+00:00. externally triggered: False>
[2025-04-24T23:48:36.328+0800] {logging_mixin.py:190} INFO - Failure caused by HTTPSConnectionPool(host='storage.googleapis.com', port=443): Read timed out. (read timeout=60)
[2025-04-24T23:48:36.329+0800] {taskinstance.py:1226} INFO - Marking task as UP_FOR_RETRY. dag_id=reddit_yf_scraper, task_id=upload_reddit_to_gcs, run_id=scheduled__2025-04-22T19:00:00+00:00, execution_date=20250422T190000, start_date=20250424T144029, end_date=20250424T154836
[2025-04-24T23:48:36.344+0800] {taskinstance.py:341} INFO - ::group::Post task execution logs
[2025-04-24T23:48:36.345+0800] {standard_task_runner.py:124} ERROR - Failed to execute job 912 for task upload_reddit_to_gcs (HTTPSConnectionPool(host='storage.googleapis.com', port=443): Read timed out. (read timeout=60); 39764)
Traceback (most recent call last):
  File "/Users/yueyaoz/Downloads/IS3107-FinSum/.airflow/lib/python3.10/site-packages/urllib3/connectionpool.py", line 534, in _make_request
    response = conn.getresponse()
  File "/Users/yueyaoz/Downloads/IS3107-FinSum/.airflow/lib/python3.10/site-packages/urllib3/connection.py", line 516, in getresponse
    httplib_response = super().getresponse()
  File "/Users/yueyaoz/.pyenv/versions/3.10.13/lib/python3.10/http/client.py", line 1375, in getresponse
    response.begin()
  File "/Users/yueyaoz/.pyenv/versions/3.10.13/lib/python3.10/http/client.py", line 318, in begin
    version, status, reason = self._read_status()
  File "/Users/yueyaoz/.pyenv/versions/3.10.13/lib/python3.10/http/client.py", line 279, in _read_status
    line = str(self.fp.readline(_MAXLINE + 1), "iso-8859-1")
  File "/Users/yueyaoz/.pyenv/versions/3.10.13/lib/python3.10/socket.py", line 705, in readinto
    return self._sock.recv_into(b)
  File "/Users/yueyaoz/.pyenv/versions/3.10.13/lib/python3.10/ssl.py", line 1307, in recv_into
    return self.read(nbytes, buffer)
  File "/Users/yueyaoz/.pyenv/versions/3.10.13/lib/python3.10/ssl.py", line 1163, in read
    return self._sslobj.read(len, buffer)
TimeoutError: The read operation timed out

The above exception was the direct cause of the following exception:

Traceback (most recent call last):
  File "/Users/yueyaoz/Downloads/IS3107-FinSum/.airflow/lib/python3.10/site-packages/requests/adapters.py", line 667, in send
    resp = conn.urlopen(
  File "/Users/yueyaoz/Downloads/IS3107-FinSum/.airflow/lib/python3.10/site-packages/urllib3/connectionpool.py", line 841, in urlopen
    retries = retries.increment(
  File "/Users/yueyaoz/Downloads/IS3107-FinSum/.airflow/lib/python3.10/site-packages/urllib3/util/retry.py", line 474, in increment
    raise reraise(type(error), error, _stacktrace)
  File "/Users/yueyaoz/Downloads/IS3107-FinSum/.airflow/lib/python3.10/site-packages/urllib3/util/util.py", line 39, in reraise
    raise value
  File "/Users/yueyaoz/Downloads/IS3107-FinSum/.airflow/lib/python3.10/site-packages/urllib3/connectionpool.py", line 787, in urlopen
    response = self._make_request(
  File "/Users/yueyaoz/Downloads/IS3107-FinSum/.airflow/lib/python3.10/site-packages/urllib3/connectionpool.py", line 536, in _make_request
    self._raise_timeout(err=e, url=url, timeout_value=read_timeout)
  File "/Users/yueyaoz/Downloads/IS3107-FinSum/.airflow/lib/python3.10/site-packages/urllib3/connectionpool.py", line 367, in _raise_timeout
    raise ReadTimeoutError(
urllib3.exceptions.ReadTimeoutError: HTTPSConnectionPool(host='storage.googleapis.com', port=443): Read timed out. (read timeout=60)

During handling of the above exception, another exception occurred:

Traceback (most recent call last):
  File "/Users/yueyaoz/Downloads/IS3107-FinSum/.airflow/lib/python3.10/site-packages/airflow/task/task_runner/standard_task_runner.py", line 117, in _start_by_fork
    ret = args.func(args, dag=self.dag)
  File "/Users/yueyaoz/Downloads/IS3107-FinSum/.airflow/lib/python3.10/site-packages/airflow/cli/cli_config.py", line 49, in command
    return func(*args, **kwargs)
  File "/Users/yueyaoz/Downloads/IS3107-FinSum/.airflow/lib/python3.10/site-packages/airflow/utils/cli.py", line 116, in wrapper
    return f(*args, **kwargs)
  File "/Users/yueyaoz/Downloads/IS3107-FinSum/.airflow/lib/python3.10/site-packages/airflow/cli/commands/task_command.py", line 483, in task_run
    task_return_code = _run_task_by_selected_method(args, _dag, ti)
  File "/Users/yueyaoz/Downloads/IS3107-FinSum/.airflow/lib/python3.10/site-packages/airflow/cli/commands/task_command.py", line 256, in _run_task_by_selected_method
    return _run_raw_task(args, ti)
  File "/Users/yueyaoz/Downloads/IS3107-FinSum/.airflow/lib/python3.10/site-packages/airflow/cli/commands/task_command.py", line 341, in _run_raw_task
    return ti._run_raw_task(
  File "/Users/yueyaoz/Downloads/IS3107-FinSum/.airflow/lib/python3.10/site-packages/airflow/utils/session.py", line 97, in wrapper
    return func(*args, session=session, **kwargs)
  File "/Users/yueyaoz/Downloads/IS3107-FinSum/.airflow/lib/python3.10/site-packages/airflow/models/taskinstance.py", line 3006, in _run_raw_task
    return _run_raw_task(
  File "/Users/yueyaoz/Downloads/IS3107-FinSum/.airflow/lib/python3.10/site-packages/airflow/models/taskinstance.py", line 274, in _run_raw_task
    TaskInstance._execute_task_with_callbacks(
  File "/Users/yueyaoz/Downloads/IS3107-FinSum/.airflow/lib/python3.10/site-packages/airflow/models/taskinstance.py", line 3161, in _execute_task_with_callbacks
    result = self._execute_task(context, task_orig)
  File "/Users/yueyaoz/Downloads/IS3107-FinSum/.airflow/lib/python3.10/site-packages/airflow/models/taskinstance.py", line 3185, in _execute_task
    return _execute_task(self, context, task_orig)
  File "/Users/yueyaoz/Downloads/IS3107-FinSum/.airflow/lib/python3.10/site-packages/airflow/models/taskinstance.py", line 768, in _execute_task
    result = _execute_callable(context=context, **execute_callable_kwargs)
  File "/Users/yueyaoz/Downloads/IS3107-FinSum/.airflow/lib/python3.10/site-packages/airflow/models/taskinstance.py", line 734, in _execute_callable
    return ExecutionCallableRunner(
  File "/Users/yueyaoz/Downloads/IS3107-FinSum/.airflow/lib/python3.10/site-packages/airflow/utils/operator_helpers.py", line 252, in run
    return self.func(*args, **kwargs)
  File "/Users/yueyaoz/Downloads/IS3107-FinSum/.airflow/lib/python3.10/site-packages/airflow/models/baseoperator.py", line 424, in wrapper
    return func(self, *args, **kwargs)
  File "/Users/yueyaoz/Downloads/IS3107-FinSum/.airflow/lib/python3.10/site-packages/airflow/providers/google/cloud/transfers/local_to_gcs.py", line 115, in execute
    hook.upload(
  File "/Users/yueyaoz/Downloads/IS3107-FinSum/.airflow/lib/python3.10/site-packages/airflow/providers/google/cloud/hooks/gcs.py", line 570, in upload
    _call_with_retry(
  File "/Users/yueyaoz/Downloads/IS3107-FinSum/.airflow/lib/python3.10/site-packages/airflow/providers/google/cloud/hooks/gcs.py", line 528, in _call_with_retry
    f()
  File "/Users/yueyaoz/.pyenv/versions/3.10.13/lib/python3.10/contextlib.py", line 79, in inner
    return func(*args, **kwds)
  File "/Users/yueyaoz/Downloads/IS3107-FinSum/.airflow/lib/python3.10/site-packages/google/cloud/storage/blob.py", line 3006, in upload_from_filename
    self._handle_filename_and_upload(
  File "/Users/yueyaoz/Downloads/IS3107-FinSum/.airflow/lib/python3.10/site-packages/google/cloud/storage/blob.py", line 2884, in _handle_filename_and_upload
    self._prep_and_do_upload(
  File "/Users/yueyaoz/Downloads/IS3107-FinSum/.airflow/lib/python3.10/site-packages/google/cloud/storage/blob.py", line 2700, in _prep_and_do_upload
    created_json = self._do_upload(
  File "/Users/yueyaoz/Downloads/IS3107-FinSum/.airflow/lib/python3.10/site-packages/google/cloud/storage/blob.py", line 2506, in _do_upload
    response = self._do_multipart_upload(
  File "/Users/yueyaoz/Downloads/IS3107-FinSum/.airflow/lib/python3.10/site-packages/google/cloud/storage/blob.py", line 2007, in _do_multipart_upload
    response = upload.transmit(
  File "/Users/yueyaoz/Downloads/IS3107-FinSum/.airflow/lib/python3.10/site-packages/google/resumable_media/requests/upload.py", line 153, in transmit
    return _request_helpers.wait_and_retry(
  File "/Users/yueyaoz/Downloads/IS3107-FinSum/.airflow/lib/python3.10/site-packages/google/resumable_media/requests/_request_helpers.py", line 178, in wait_and_retry
    raise error
  File "/Users/yueyaoz/Downloads/IS3107-FinSum/.airflow/lib/python3.10/site-packages/google/resumable_media/requests/_request_helpers.py", line 155, in wait_and_retry
    response = func()
  File "/Users/yueyaoz/Downloads/IS3107-FinSum/.airflow/lib/python3.10/site-packages/google/resumable_media/requests/upload.py", line 145, in retriable_request
    result = transport.request(
  File "/Users/yueyaoz/Downloads/IS3107-FinSum/.airflow/lib/python3.10/site-packages/google/auth/transport/requests.py", line 537, in request
    response = super(AuthorizedSession, self).request(
  File "/Users/yueyaoz/Downloads/IS3107-FinSum/.airflow/lib/python3.10/site-packages/requests/sessions.py", line 589, in request
    resp = self.send(prep, **send_kwargs)
  File "/Users/yueyaoz/Downloads/IS3107-FinSum/.airflow/lib/python3.10/site-packages/requests/sessions.py", line 703, in send
    r = adapter.send(request, **kwargs)
  File "/Users/yueyaoz/Downloads/IS3107-FinSum/.airflow/lib/python3.10/site-packages/requests/adapters.py", line 713, in send
    raise ReadTimeout(e, request=request)
requests.exceptions.ReadTimeout: HTTPSConnectionPool(host='storage.googleapis.com', port=443): Read timed out. (read timeout=60)
[2025-04-24T23:48:36.367+0800] {local_task_job_runner.py:266} INFO - Task exited with return code 1
[2025-04-24T23:48:36.379+0800] {taskinstance.py:3901} INFO - 0 downstream tasks scheduled from follow-on schedule check
[2025-04-24T23:48:36.379+0800] {local_task_job_runner.py:245} INFO - ::endgroup::
