[2025-03-23T11:11:06.519+0800] {local_task_job_runner.py:123} INFO - ::group::Pre task execution logs
[2025-03-23T11:11:06.528+0800] {taskinstance.py:2614} INFO - Dependencies all met for dep_context=non-requeueable deps ti=<TaskInstance: reddit_yf_scraper.run_yf manual__2025-03-23T03:10:55.075296+00:00 [queued]>
[2025-03-23T11:11:06.532+0800] {taskinstance.py:2614} INFO - Dependencies all met for dep_context=requeueable deps ti=<TaskInstance: reddit_yf_scraper.run_yf manual__2025-03-23T03:10:55.075296+00:00 [queued]>
[2025-03-23T11:11:06.532+0800] {taskinstance.py:2867} INFO - Starting attempt 1 of 2
[2025-03-23T11:11:06.538+0800] {taskinstance.py:2890} INFO - Executing <Task(_PythonDecoratedOperator): run_yf> on 2025-03-23 03:10:55.075296+00:00
[2025-03-23T11:11:06.540+0800] {standard_task_runner.py:72} INFO - Started process 99950 to run task
[2025-03-23T11:11:06.544+0800] {standard_task_runner.py:104} INFO - Running: ['airflow', 'tasks', 'run', 'reddit_yf_scraper', 'run_yf', 'manual__2025-03-23T03:10:55.075296+00:00', '--job-id', '137', '--raw', '--subdir', 'DAGS_FOLDER/dag.py', '--cfg-path', '/var/folders/xg/h9xj0trn3dxds251bj2q6hf80000gn/T/tmpu1vaoyxc']
[2025-03-23T11:11:06.545+0800] {standard_task_runner.py:105} INFO - Job 137: Subtask run_yf
[2025-03-23T11:11:06.582+0800] {task_command.py:467} INFO - Running <TaskInstance: reddit_yf_scraper.run_yf manual__2025-03-23T03:10:55.075296+00:00 [running]> on host ervins-air-2
[2025-03-23T11:11:06.615+0800] {taskinstance.py:3134} INFO - Exporting env vars: AIRFLOW_CTX_DAG_OWNER='airflow' AIRFLOW_CTX_DAG_ID='reddit_yf_scraper' AIRFLOW_CTX_TASK_ID='run_yf' AIRFLOW_CTX_EXECUTION_DATE='2025-03-23T03:10:55.075296+00:00' AIRFLOW_CTX_TRY_NUMBER='1' AIRFLOW_CTX_DAG_RUN_ID='manual__2025-03-23T03:10:55.075296+00:00'
[2025-03-23T11:11:06.616+0800] {logging_mixin.py:190} INFO - Task instance is in running state
[2025-03-23T11:11:06.616+0800] {logging_mixin.py:190} INFO -  Previous state of the Task instance: queued
[2025-03-23T11:11:06.616+0800] {logging_mixin.py:190} INFO - Current task name:run_yf state:running start_date:2025-03-23 03:11:06.528980+00:00
[2025-03-23T11:11:06.616+0800] {logging_mixin.py:190} INFO - Dag name:reddit_yf_scraper and current dag run status:running
[2025-03-23T11:11:06.617+0800] {taskinstance.py:732} INFO - ::endgroup::
[2025-03-23T11:11:06.617+0800] {logging_mixin.py:190} INFO - üîç Fetching news for AAPL (1/502)...
[2025-03-23T11:11:07.683+0800] {logging_mixin.py:190} INFO - ‚úÖ Saved 2 articles for AAPL
[2025-03-23T11:11:19.687+0800] {logging_mixin.py:190} INFO - üîç Fetching news for NVDA (2/502)...
[2025-03-23T11:11:20.392+0800] {logging_mixin.py:190} INFO - ‚úÖ Saved 5 articles for NVDA
[2025-03-23T11:11:32.395+0800] {logging_mixin.py:190} INFO - üîç Fetching news for MSFT (3/502)...
[2025-03-23T11:11:33.287+0800] {logging_mixin.py:190} INFO - ‚úÖ Saved 1 articles for MSFT
[2025-03-23T11:11:45.290+0800] {logging_mixin.py:190} INFO - üîç Fetching news for AMZN (4/502)...
[2025-03-23T11:11:46.192+0800] {logging_mixin.py:190} INFO - ‚úÖ Saved 6 articles for AMZN
[2025-03-23T11:11:58.195+0800] {logging_mixin.py:190} INFO - üîç Fetching news for GOOGL (5/502)...
[2025-03-23T11:11:58.987+0800] {logging_mixin.py:190} INFO - ‚úÖ Saved 3 articles for GOOGL
[2025-03-23T11:12:10.990+0800] {logging_mixin.py:190} INFO - üîç Fetching news for GOOG (6/502)...
[2025-03-23T11:12:11.899+0800] {logging_mixin.py:190} INFO - ‚úÖ Saved 3 articles for GOOG
[2025-03-23T11:12:23.904+0800] {logging_mixin.py:190} INFO - üîç Fetching news for META (7/502)...
[2025-03-23T11:12:25.004+0800] {logging_mixin.py:190} INFO - ‚úÖ Saved 2 articles for META
[2025-03-23T11:12:37.007+0800] {logging_mixin.py:190} INFO - üîç Fetching news for TSLA (8/502)...
[2025-03-23T11:12:37.905+0800] {logging_mixin.py:190} INFO - ‚úÖ Saved 2 articles for TSLA
[2025-03-23T11:12:49.907+0800] {logging_mixin.py:190} INFO - üîç Fetching news for AVGO (9/502)...
[2025-03-23T11:13:02.643+0800] {logging_mixin.py:190} INFO - üîç Fetching news for BRK-B (10/502)...
[2025-03-23T11:13:15.355+0800] {logging_mixin.py:190} INFO - üîç Fetching news for WMT (11/502)...
[2025-03-23T11:13:16.204+0800] {logging_mixin.py:190} INFO - ‚úÖ Saved 3 articles for WMT
[2025-03-23T11:13:28.206+0800] {logging_mixin.py:190} INFO - üîç Fetching news for LLY (12/502)...
[2025-03-23T11:13:41.119+0800] {logging_mixin.py:190} INFO - üîç Fetching news for JPM (13/502)...
[2025-03-23T11:13:53.953+0800] {logging_mixin.py:190} INFO - üîç Fetching news for V (14/502)...
[2025-03-23T11:14:06.732+0800] {logging_mixin.py:190} INFO - üîç Fetching news for MA (15/502)...
[2025-03-23T11:14:19.603+0800] {logging_mixin.py:190} INFO - üîç Fetching news for ORCL (16/502)...
[2025-03-23T11:14:32.509+0800] {logging_mixin.py:190} INFO - üîç Fetching news for XOM (17/502)...
[2025-03-23T11:14:33.314+0800] {logging_mixin.py:190} INFO - ‚úÖ Saved 1 articles for XOM
[2025-03-23T11:14:45.320+0800] {logging_mixin.py:190} INFO - üîç Fetching news for UNH (18/502)...
[2025-03-23T11:14:58.209+0800] {logging_mixin.py:190} INFO - üîç Fetching news for COST (19/502)...
[2025-03-23T11:15:11.114+0800] {logging_mixin.py:190} INFO - üîç Fetching news for PG (20/502)...
[2025-03-23T11:15:12.042+0800] {logging_mixin.py:190} INFO - ‚úÖ Saved 1 articles for PG
[2025-03-23T11:15:24.044+0800] {logging_mixin.py:190} INFO - üîç Fetching news for HD (21/502)...
[2025-03-23T11:15:36.917+0800] {logging_mixin.py:190} INFO - üîç Fetching news for NFLX (22/502)...
[2025-03-23T11:15:37.822+0800] {logging_mixin.py:190} INFO - ‚úÖ Saved 1 articles for NFLX
[2025-03-23T11:15:49.827+0800] {logging_mixin.py:190} INFO - üîç Fetching news for JNJ (23/502)...
[2025-03-23T11:16:02.665+0800] {logging_mixin.py:190} INFO - üîç Fetching news for BAC (24/502)...
[2025-03-23T11:16:03.357+0800] {logging_mixin.py:190} INFO - ‚úÖ Saved 2 articles for BAC
[2025-03-23T11:16:15.362+0800] {logging_mixin.py:190} INFO - üîç Fetching news for CRM (25/502)...
[2025-03-23T11:16:28.119+0800] {logging_mixin.py:190} INFO - üîç Fetching news for ABBV (26/502)...
[2025-03-23T11:16:29.154+0800] {logging_mixin.py:190} INFO - ‚úÖ Saved 1 articles for ABBV
[2025-03-23T11:16:41.159+0800] {logging_mixin.py:190} INFO - üîç Fetching news for KO (27/502)...
[2025-03-23T11:16:54.024+0800] {logging_mixin.py:190} INFO - üîç Fetching news for TMUS (28/502)...
[2025-03-23T11:17:06.836+0800] {logging_mixin.py:190} INFO - üîç Fetching news for CVX (29/502)...
[2025-03-23T11:17:07.740+0800] {logging_mixin.py:190} INFO - ‚úÖ Saved 2 articles for CVX
[2025-03-23T11:17:19.745+0800] {logging_mixin.py:190} INFO - üîç Fetching news for MRK (30/502)...
[2025-03-23T11:17:32.733+0800] {logging_mixin.py:190} INFO - üîç Fetching news for WFC (31/502)...
[2025-03-23T11:17:45.425+0800] {logging_mixin.py:190} INFO - üîç Fetching news for CSCO (32/502)...
[2025-03-23T11:17:58.330+0800] {logging_mixin.py:190} INFO - üîç Fetching news for ACN (33/502)...
[2025-03-23T11:18:11.031+0800] {logging_mixin.py:190} INFO - üîç Fetching news for NOW (34/502)...
[2025-03-23T11:18:24.033+0800] {logging_mixin.py:190} INFO - üîç Fetching news for AXP (35/502)...
[2025-03-23T11:18:24.844+0800] {logging_mixin.py:190} INFO - ‚úÖ Saved 1 articles for AXP
[2025-03-23T11:18:36.848+0800] {logging_mixin.py:190} INFO - üîç Fetching news for MCD (36/502)...
[2025-03-23T11:18:49.740+0800] {logging_mixin.py:190} INFO - üîç Fetching news for PEP (37/502)...
[2025-03-23T11:18:50.647+0800] {logging_mixin.py:190} INFO - ‚úÖ Saved 4 articles for PEP
[2025-03-23T11:19:02.650+0800] {logging_mixin.py:190} INFO - üîç Fetching news for BX (38/502)...
[2025-03-23T11:19:15.441+0800] {logging_mixin.py:190} INFO - üîç Fetching news for IBM (39/502)...
[2025-03-23T11:19:16.239+0800] {logging_mixin.py:190} INFO - ‚úÖ Saved 1 articles for IBM
[2025-03-23T11:19:28.242+0800] {logging_mixin.py:190} INFO - üîç Fetching news for DIS (40/502)...
[2025-03-23T11:19:41.144+0800] {logging_mixin.py:190} INFO - üîç Fetching news for LIN (41/502)...
[2025-03-23T11:19:53.824+0800] {logging_mixin.py:190} INFO - üîç Fetching news for TMO (42/502)...
[2025-03-23T11:20:06.539+0800] {logging_mixin.py:190} INFO - üîç Fetching news for MS (43/502)...
[2025-03-23T11:20:19.438+0800] {logging_mixin.py:190} INFO - üîç Fetching news for ABT (44/502)...
[2025-03-23T11:20:32.343+0800] {logging_mixin.py:190} INFO - üîç Fetching news for ADBE (45/502)...
[2025-03-23T11:20:45.174+0800] {logging_mixin.py:190} INFO - üîç Fetching news for AMD (46/502)...
[2025-03-23T11:20:45.915+0800] {logging_mixin.py:190} INFO - ‚úÖ Saved 4 articles for AMD
[2025-03-23T11:20:57.919+0800] {logging_mixin.py:190} INFO - üîç Fetching news for PM (47/502)...
[2025-03-23T11:21:10.676+0800] {logging_mixin.py:190} INFO - üîç Fetching news for ISRG (48/502)...
[2025-03-23T11:21:23.442+0800] {logging_mixin.py:190} INFO - üîç Fetching news for PLTR (49/502)...
[2025-03-23T11:21:24.124+0800] {logging_mixin.py:190} INFO - ‚úÖ Saved 2 articles for PLTR
[2025-03-23T11:21:36.126+0800] {logging_mixin.py:190} INFO - üîç Fetching news for GE (50/502)...
[2025-03-23T11:21:49.041+0800] {logging_mixin.py:190} INFO - üîç Fetching news for INTU (51/502)...
[2025-03-23T11:22:01.942+0800] {logging_mixin.py:190} INFO - üîç Fetching news for GS (52/502)...
[2025-03-23T11:22:14.758+0800] {logging_mixin.py:190} INFO - üîç Fetching news for CAT (53/502)...
[2025-03-23T11:22:27.649+0800] {logging_mixin.py:190} INFO - üîç Fetching news for TXN (54/502)...
[2025-03-23T11:22:40.552+0800] {logging_mixin.py:190} INFO - üîç Fetching news for QCOM (55/502)...
[2025-03-23T11:22:53.410+0800] {logging_mixin.py:190} INFO - üîç Fetching news for VZ (56/502)...
[2025-03-23T11:23:06.355+0800] {logging_mixin.py:190} INFO - üîç Fetching news for BKNG (57/502)...
[2025-03-23T11:23:19.257+0800] {logging_mixin.py:190} INFO - üîç Fetching news for DHR (58/502)...
[2025-03-23T11:23:32.087+0800] {logging_mixin.py:190} INFO - üîç Fetching news for T (59/502)...
[2025-03-23T11:23:44.855+0800] {logging_mixin.py:190} INFO - üîç Fetching news for BLK (60/502)...
[2025-03-23T11:23:57.662+0800] {logging_mixin.py:190} INFO - üîç Fetching news for RTX (61/502)...
[2025-03-23T11:24:10.562+0800] {logging_mixin.py:190} INFO - üîç Fetching news for SPGI (62/502)...
[2025-03-23T11:24:23.361+0800] {logging_mixin.py:190} INFO - üîç Fetching news for PFE (63/502)...
[2025-03-23T11:24:24.536+0800] {logging_mixin.py:190} INFO - ‚úÖ Saved 1 articles for PFE
[2025-03-23T11:24:36.539+0800] {logging_mixin.py:190} INFO - üîç Fetching news for HON (64/502)...
[2025-03-23T11:24:49.474+0800] {logging_mixin.py:190} INFO - üîç Fetching news for NEE (65/502)...
[2025-03-23T11:25:02.271+0800] {logging_mixin.py:190} INFO - üîç Fetching news for CMCSA (66/502)...
[2025-03-23T11:25:14.969+0800] {logging_mixin.py:190} INFO - üîç Fetching news for ANET (67/502)...
[2025-03-23T11:25:27.796+0800] {logging_mixin.py:190} INFO - üîç Fetching news for AMGN (68/502)...
[2025-03-23T11:25:40.571+0800] {logging_mixin.py:190} INFO - üîç Fetching news for PGR (69/502)...
[2025-03-23T11:25:53.471+0800] {logging_mixin.py:190} INFO - üîç Fetching news for LOW (70/502)...
[2025-03-23T11:26:06.286+0800] {logging_mixin.py:190} INFO - üîç Fetching news for SYK (71/502)...
[2025-03-23T11:26:19.379+0800] {logging_mixin.py:190} INFO - üîç Fetching news for UNP (72/502)...
[2025-03-23T11:26:32.178+0800] {logging_mixin.py:190} INFO - üîç Fetching news for TJX (73/502)...
[2025-03-23T11:26:44.977+0800] {logging_mixin.py:190} INFO - üîç Fetching news for KKR (74/502)...
[2025-03-23T11:26:57.886+0800] {logging_mixin.py:190} INFO - üîç Fetching news for SCHW (75/502)...
[2025-03-23T11:27:10.799+0800] {logging_mixin.py:190} INFO - üîç Fetching news for ETN (76/502)...
[2025-03-23T11:27:23.788+0800] {logging_mixin.py:190} INFO - üîç Fetching news for AMAT (77/502)...
[2025-03-23T11:27:36.704+0800] {logging_mixin.py:190} INFO - üîç Fetching news for BA (78/502)...
[2025-03-23T11:27:49.592+0800] {logging_mixin.py:190} INFO - üîç Fetching news for BSX (79/502)...
[2025-03-23T11:28:02.553+0800] {logging_mixin.py:190} INFO - üîç Fetching news for C (80/502)...
[2025-03-23T11:28:15.263+0800] {logging_mixin.py:190} INFO - üîç Fetching news for UBER (81/502)...
[2025-03-23T11:28:16.169+0800] {logging_mixin.py:190} INFO - ‚úÖ Saved 1 articles for UBER
[2025-03-23T11:28:28.175+0800] {logging_mixin.py:190} INFO - üîç Fetching news for COP (82/502)...
[2025-03-23T11:28:40.873+0800] {logging_mixin.py:190} INFO - üîç Fetching news for PANW (83/502)...
[2025-03-23T11:28:53.750+0800] {logging_mixin.py:190} INFO - üîç Fetching news for ADP (84/502)...
[2025-03-23T11:29:06.657+0800] {logging_mixin.py:190} INFO - üîç Fetching news for DE (85/502)...
[2025-03-23T11:29:19.455+0800] {logging_mixin.py:190} INFO - üîç Fetching news for FI (86/502)...
[2025-03-23T11:29:32.256+0800] {logging_mixin.py:190} INFO - üîç Fetching news for BMY (87/502)...
[2025-03-23T11:29:45.125+0800] {logging_mixin.py:190} INFO - üîç Fetching news for LMT (88/502)...
[2025-03-23T11:29:58.163+0800] {logging_mixin.py:190} INFO - üîç Fetching news for GILD (89/502)...
[2025-03-23T11:30:11.070+0800] {logging_mixin.py:190} INFO - üîç Fetching news for NKE (90/502)...
[2025-03-23T11:30:24.073+0800] {logging_mixin.py:190} INFO - üîç Fetching news for CB (91/502)...
[2025-03-23T11:30:36.976+0800] {logging_mixin.py:190} INFO - üîç Fetching news for UPS (92/502)...
[2025-03-23T11:30:49.670+0800] {logging_mixin.py:190} INFO - üîç Fetching news for ADI (93/502)...
[2025-03-23T11:31:02.579+0800] {logging_mixin.py:190} INFO - üîç Fetching news for MMC (94/502)...
[2025-03-23T11:31:15.278+0800] {logging_mixin.py:190} INFO - üîç Fetching news for MDT (95/502)...
[2025-03-23T11:31:28.174+0800] {logging_mixin.py:190} INFO - üîç Fetching news for VRTX (96/502)...
[2025-03-23T11:31:40.979+0800] {logging_mixin.py:190} INFO - üîç Fetching news for MU (97/502)...
[2025-03-23T11:31:53.775+0800] {logging_mixin.py:190} INFO - üîç Fetching news for SBUX (98/502)...
[2025-03-23T11:32:07.395+0800] {logging_mixin.py:190} INFO - üîç Fetching news for PLD (99/502)...
[2025-03-23T11:32:20.508+0800] {logging_mixin.py:190} INFO - üîç Fetching news for GEV (100/502)...
[2025-03-23T11:32:33.411+0800] {logging_mixin.py:190} INFO - üîç Fetching news for LRCX (101/502)...
[2025-03-23T11:32:46.306+0800] {logging_mixin.py:190} INFO - üîç Fetching news for MO (102/502)...
[2025-03-23T11:32:59.109+0800] {logging_mixin.py:190} INFO - üîç Fetching news for SO (103/502)...
[2025-03-23T11:33:12.117+0800] {logging_mixin.py:190} INFO - üîç Fetching news for EQIX (104/502)...
[2025-03-23T11:33:25.018+0800] {logging_mixin.py:190} INFO - üîç Fetching news for CRWD (105/502)...
[2025-03-23T11:33:37.924+0800] {logging_mixin.py:190} INFO - üîç Fetching news for PYPL (106/502)...
[2025-03-23T11:33:38.829+0800] {logging_mixin.py:190} INFO - ‚úÖ Saved 1 articles for PYPL
[2025-03-23T11:33:50.834+0800] {logging_mixin.py:190} INFO - üîç Fetching news for SHW (107/502)...
[2025-03-23T11:34:03.825+0800] {logging_mixin.py:190} INFO - üîç Fetching news for ICE (108/502)...
[2025-03-23T11:34:16.595+0800] {logging_mixin.py:190} INFO - üîç Fetching news for CME (109/502)...
[2025-03-23T11:34:29.531+0800] {logging_mixin.py:190} INFO - üîç Fetching news for AMT (110/502)...
[2025-03-23T11:34:42.539+0800] {logging_mixin.py:190} INFO - üîç Fetching news for APH (111/502)...
[2025-03-23T11:34:55.438+0800] {logging_mixin.py:190} INFO - üîç Fetching news for ELV (112/502)...
[2025-03-23T11:35:08.138+0800] {logging_mixin.py:190} INFO - üîç Fetching news for TT (113/502)...
[2025-03-23T11:35:21.041+0800] {logging_mixin.py:190} INFO - üîç Fetching news for MCO (114/502)...
[2025-03-23T11:35:33.942+0800] {logging_mixin.py:190} INFO - üîç Fetching news for CMG (115/502)...
[2025-03-23T11:35:46.770+0800] {logging_mixin.py:190} INFO - üîç Fetching news for INTC (116/502)...
[2025-03-23T11:35:47.511+0800] {logging_mixin.py:190} INFO - ‚úÖ Saved 1 articles for INTC
[2025-03-23T11:35:59.516+0800] {logging_mixin.py:190} INFO - üîç Fetching news for KLAC (117/502)...
[2025-03-23T11:36:12.857+0800] {logging_mixin.py:190} INFO - üîç Fetching news for ABNB (118/502)...
[2025-03-23T11:36:25.660+0800] {logging_mixin.py:190} INFO - üîç Fetching news for DUK (119/502)...
[2025-03-23T11:36:38.455+0800] {logging_mixin.py:190} INFO - üîç Fetching news for PH (120/502)...
[2025-03-23T11:36:51.547+0800] {logging_mixin.py:190} INFO - üîç Fetching news for CDNS (121/502)...
[2025-03-23T11:37:04.707+0800] {logging_mixin.py:190} INFO - üîç Fetching news for WM (122/502)...
[2025-03-23T11:37:17.476+0800] {logging_mixin.py:190} INFO - üîç Fetching news for DELL (123/502)...
[2025-03-23T11:37:30.374+0800] {logging_mixin.py:190} INFO - üîç Fetching news for MDLZ (124/502)...
[2025-03-23T11:37:43.163+0800] {logging_mixin.py:190} INFO - üîç Fetching news for MAR (125/502)...
[2025-03-23T11:37:56.076+0800] {logging_mixin.py:190} INFO - üîç Fetching news for MSI (126/502)...
[2025-03-23T11:38:09.082+0800] {logging_mixin.py:190} INFO - üîç Fetching news for WELL (127/502)...
[2025-03-23T11:38:24.340+0800] {logging_mixin.py:190} INFO - üîç Fetching news for AON (128/502)...
[2025-03-23T11:38:37.141+0800] {logging_mixin.py:190} INFO - üîç Fetching news for REGN (129/502)...
[2025-03-23T11:38:49.942+0800] {logging_mixin.py:190} INFO - üîç Fetching news for CI (130/502)...
[2025-03-23T11:39:02.792+0800] {logging_mixin.py:190} INFO - üîç Fetching news for HCA (131/502)...
[2025-03-23T11:39:15.548+0800] {logging_mixin.py:190} INFO - üîç Fetching news for PNC (132/502)...
[2025-03-23T11:39:28.648+0800] {logging_mixin.py:190} INFO - üîç Fetching news for ITW (133/502)...
[2025-03-23T11:39:41.553+0800] {logging_mixin.py:190} INFO - üîç Fetching news for SNPS (134/502)...
[2025-03-23T11:39:54.456+0800] {logging_mixin.py:190} INFO - üîç Fetching news for CTAS (135/502)...
[2025-03-23T11:40:07.259+0800] {logging_mixin.py:190} INFO - üîç Fetching news for CL (136/502)...
[2025-03-23T11:40:20.062+0800] {logging_mixin.py:190} INFO - üîç Fetching news for USB (137/502)...
[2025-03-23T11:40:33.174+0800] {logging_mixin.py:190} INFO - üîç Fetching news for FTNT (138/502)...
[2025-03-23T11:40:46.048+0800] {logging_mixin.py:190} INFO - üîç Fetching news for ZTS (139/502)...
[2025-03-23T11:57:21.535+0800] {taskinstance.py:3313} ERROR - Task failed with exception
Traceback (most recent call last):
  File "/Users/ervinyeoh/Desktop/unimods/is3107/project/.venv/lib/python3.11/site-packages/urllib3/connectionpool.py", line 787, in urlopen
    response = self._make_request(
               ^^^^^^^^^^^^^^^^^^^
  File "/Users/ervinyeoh/Desktop/unimods/is3107/project/.venv/lib/python3.11/site-packages/urllib3/connectionpool.py", line 534, in _make_request
    response = conn.getresponse()
               ^^^^^^^^^^^^^^^^^^
  File "/Users/ervinyeoh/Desktop/unimods/is3107/project/.venv/lib/python3.11/site-packages/urllib3/connection.py", line 516, in getresponse
    httplib_response = super().getresponse()
                       ^^^^^^^^^^^^^^^^^^^^^
  File "/Library/Frameworks/Python.framework/Versions/3.11/lib/python3.11/http/client.py", line 1378, in getresponse
    response.begin()
  File "/Library/Frameworks/Python.framework/Versions/3.11/lib/python3.11/http/client.py", line 318, in begin
    version, status, reason = self._read_status()
                              ^^^^^^^^^^^^^^^^^^^
  File "/Library/Frameworks/Python.framework/Versions/3.11/lib/python3.11/http/client.py", line 287, in _read_status
    raise RemoteDisconnected("Remote end closed connection without"
http.client.RemoteDisconnected: Remote end closed connection without response

During handling of the above exception, another exception occurred:

Traceback (most recent call last):
  File "/Users/ervinyeoh/Desktop/unimods/is3107/project/.venv/lib/python3.11/site-packages/requests/adapters.py", line 667, in send
    resp = conn.urlopen(
           ^^^^^^^^^^^^^
  File "/Users/ervinyeoh/Desktop/unimods/is3107/project/.venv/lib/python3.11/site-packages/urllib3/connectionpool.py", line 841, in urlopen
    retries = retries.increment(
              ^^^^^^^^^^^^^^^^^^
  File "/Users/ervinyeoh/Desktop/unimods/is3107/project/.venv/lib/python3.11/site-packages/urllib3/util/retry.py", line 474, in increment
    raise reraise(type(error), error, _stacktrace)
          ^^^^^^^^^^^^^^^^^^^^^^^^^^^^^^^^^^^^^^^^
  File "/Users/ervinyeoh/Desktop/unimods/is3107/project/.venv/lib/python3.11/site-packages/urllib3/util/util.py", line 38, in reraise
    raise value.with_traceback(tb)
  File "/Users/ervinyeoh/Desktop/unimods/is3107/project/.venv/lib/python3.11/site-packages/urllib3/connectionpool.py", line 787, in urlopen
    response = self._make_request(
               ^^^^^^^^^^^^^^^^^^^
  File "/Users/ervinyeoh/Desktop/unimods/is3107/project/.venv/lib/python3.11/site-packages/urllib3/connectionpool.py", line 534, in _make_request
    response = conn.getresponse()
               ^^^^^^^^^^^^^^^^^^
  File "/Users/ervinyeoh/Desktop/unimods/is3107/project/.venv/lib/python3.11/site-packages/urllib3/connection.py", line 516, in getresponse
    httplib_response = super().getresponse()
                       ^^^^^^^^^^^^^^^^^^^^^
  File "/Library/Frameworks/Python.framework/Versions/3.11/lib/python3.11/http/client.py", line 1378, in getresponse
    response.begin()
  File "/Library/Frameworks/Python.framework/Versions/3.11/lib/python3.11/http/client.py", line 318, in begin
    version, status, reason = self._read_status()
                              ^^^^^^^^^^^^^^^^^^^
  File "/Library/Frameworks/Python.framework/Versions/3.11/lib/python3.11/http/client.py", line 287, in _read_status
    raise RemoteDisconnected("Remote end closed connection without"
urllib3.exceptions.ProtocolError: ('Connection aborted.', RemoteDisconnected('Remote end closed connection without response'))

During handling of the above exception, another exception occurred:

Traceback (most recent call last):
  File "/Users/ervinyeoh/Desktop/unimods/is3107/project/.venv/lib/python3.11/site-packages/airflow/models/taskinstance.py", line 768, in _execute_task
    result = _execute_callable(context=context, **execute_callable_kwargs)
             ^^^^^^^^^^^^^^^^^^^^^^^^^^^^^^^^^^^^^^^^^^^^^^^^^^^^^^^^^^^^^
  File "/Users/ervinyeoh/Desktop/unimods/is3107/project/.venv/lib/python3.11/site-packages/airflow/models/taskinstance.py", line 734, in _execute_callable
    return ExecutionCallableRunner(
           ^^^^^^^^^^^^^^^^^^^^^^^^
  File "/Users/ervinyeoh/Desktop/unimods/is3107/project/.venv/lib/python3.11/site-packages/airflow/utils/operator_helpers.py", line 252, in run
    return self.func(*args, **kwargs)
           ^^^^^^^^^^^^^^^^^^^^^^^^^^
  File "/Users/ervinyeoh/Desktop/unimods/is3107/project/.venv/lib/python3.11/site-packages/airflow/models/baseoperator.py", line 424, in wrapper
    return func(self, *args, **kwargs)
           ^^^^^^^^^^^^^^^^^^^^^^^^^^^
  File "/Users/ervinyeoh/Desktop/unimods/is3107/project/.venv/lib/python3.11/site-packages/airflow/decorators/base.py", line 266, in execute
    return_value = super().execute(context)
                   ^^^^^^^^^^^^^^^^^^^^^^^^
  File "/Users/ervinyeoh/Desktop/unimods/is3107/project/.venv/lib/python3.11/site-packages/airflow/models/baseoperator.py", line 424, in wrapper
    return func(self, *args, **kwargs)
           ^^^^^^^^^^^^^^^^^^^^^^^^^^^
  File "/Users/ervinyeoh/Desktop/unimods/is3107/project/.venv/lib/python3.11/site-packages/airflow/operators/python.py", line 238, in execute
    return_value = self.execute_callable()
                   ^^^^^^^^^^^^^^^^^^^^^^^
  File "/Users/ervinyeoh/Desktop/unimods/is3107/project/.venv/lib/python3.11/site-packages/airflow/operators/python.py", line 256, in execute_callable
    return runner.run(*self.op_args, **self.op_kwargs)
           ^^^^^^^^^^^^^^^^^^^^^^^^^^^^^^^^^^^^^^^^^^^
  File "/Users/ervinyeoh/Desktop/unimods/is3107/project/.venv/lib/python3.11/site-packages/airflow/utils/operator_helpers.py", line 252, in run
    return self.func(*args, **kwargs)
           ^^^^^^^^^^^^^^^^^^^^^^^^^^
  File "/Users/ervinyeoh/Desktop/unimods/is3107/project/airflow/dags/dag.py", line 42, in run_yf
    run_yf_scraper(tickers)
  File "/Users/ervinyeoh/Desktop/unimods/is3107/project/airflow/dags/yf_scraper.py", line 28, in run_yf_scraper
    response = requests.get(YF_API_URL, params=params)
               ^^^^^^^^^^^^^^^^^^^^^^^^^^^^^^^^^^^^^^^
  File "/Users/ervinyeoh/Desktop/unimods/is3107/project/.venv/lib/python3.11/site-packages/requests/api.py", line 73, in get
    return request("get", url, params=params, **kwargs)
           ^^^^^^^^^^^^^^^^^^^^^^^^^^^^^^^^^^^^^^^^^^^^
  File "/Users/ervinyeoh/Desktop/unimods/is3107/project/.venv/lib/python3.11/site-packages/requests/api.py", line 59, in request
    return session.request(method=method, url=url, **kwargs)
           ^^^^^^^^^^^^^^^^^^^^^^^^^^^^^^^^^^^^^^^^^^^^^^^^^
  File "/Users/ervinyeoh/Desktop/unimods/is3107/project/.venv/lib/python3.11/site-packages/requests/sessions.py", line 589, in request
    resp = self.send(prep, **send_kwargs)
           ^^^^^^^^^^^^^^^^^^^^^^^^^^^^^^
  File "/Users/ervinyeoh/Desktop/unimods/is3107/project/.venv/lib/python3.11/site-packages/requests/sessions.py", line 703, in send
    r = adapter.send(request, **kwargs)
        ^^^^^^^^^^^^^^^^^^^^^^^^^^^^^^^
  File "/Users/ervinyeoh/Desktop/unimods/is3107/project/.venv/lib/python3.11/site-packages/requests/adapters.py", line 682, in send
    raise ConnectionError(err, request=request)
requests.exceptions.ConnectionError: ('Connection aborted.', RemoteDisconnected('Remote end closed connection without response'))
[2025-03-23T11:57:21.616+0800] {logging_mixin.py:190} INFO - Task instance in failure state
[2025-03-23T11:57:21.617+0800] {logging_mixin.py:190} INFO - Task start:2025-03-23 03:11:06.528980+00:00 end:2025-03-23 03:57:21.613319+00:00 duration:2775.084339
[2025-03-23T11:57:21.625+0800] {logging_mixin.py:190} INFO - Task:<Task(_PythonDecoratedOperator): run_yf> dag:<DAG: reddit_yf_scraper> dagrun:<DagRun reddit_yf_scraper @ 2025-03-23 03:10:55.075296+00:00: manual__2025-03-23T03:10:55.075296+00:00, state:running, queued_at: 2025-03-23 03:10:55.104993+00:00. externally triggered: True>
[2025-03-23T11:57:21.625+0800] {logging_mixin.py:190} INFO - Failure caused by ('Connection aborted.', RemoteDisconnected('Remote end closed connection without response'))
[2025-03-23T11:57:21.626+0800] {taskinstance.py:1226} INFO - Marking task as UP_FOR_RETRY. dag_id=reddit_yf_scraper, task_id=run_yf, run_id=manual__2025-03-23T03:10:55.075296+00:00, execution_date=20250323T031055, start_date=20250323T031106, end_date=20250323T035721
[2025-03-23T11:57:21.655+0800] {taskinstance.py:341} INFO - ::group::Post task execution logs
[2025-03-23T11:57:21.657+0800] {standard_task_runner.py:124} ERROR - Failed to execute job 137 for task run_yf (('Connection aborted.', RemoteDisconnected('Remote end closed connection without response')); 99950)
Traceback (most recent call last):
  File "/Users/ervinyeoh/Desktop/unimods/is3107/project/.venv/lib/python3.11/site-packages/urllib3/connectionpool.py", line 787, in urlopen
    response = self._make_request(
               ^^^^^^^^^^^^^^^^^^^
  File "/Users/ervinyeoh/Desktop/unimods/is3107/project/.venv/lib/python3.11/site-packages/urllib3/connectionpool.py", line 534, in _make_request
    response = conn.getresponse()
               ^^^^^^^^^^^^^^^^^^
  File "/Users/ervinyeoh/Desktop/unimods/is3107/project/.venv/lib/python3.11/site-packages/urllib3/connection.py", line 516, in getresponse
    httplib_response = super().getresponse()
                       ^^^^^^^^^^^^^^^^^^^^^
  File "/Library/Frameworks/Python.framework/Versions/3.11/lib/python3.11/http/client.py", line 1378, in getresponse
    response.begin()
  File "/Library/Frameworks/Python.framework/Versions/3.11/lib/python3.11/http/client.py", line 318, in begin
    version, status, reason = self._read_status()
                              ^^^^^^^^^^^^^^^^^^^
  File "/Library/Frameworks/Python.framework/Versions/3.11/lib/python3.11/http/client.py", line 287, in _read_status
    raise RemoteDisconnected("Remote end closed connection without"
http.client.RemoteDisconnected: Remote end closed connection without response

During handling of the above exception, another exception occurred:

Traceback (most recent call last):
  File "/Users/ervinyeoh/Desktop/unimods/is3107/project/.venv/lib/python3.11/site-packages/requests/adapters.py", line 667, in send
    resp = conn.urlopen(
           ^^^^^^^^^^^^^
  File "/Users/ervinyeoh/Desktop/unimods/is3107/project/.venv/lib/python3.11/site-packages/urllib3/connectionpool.py", line 841, in urlopen
    retries = retries.increment(
              ^^^^^^^^^^^^^^^^^^
  File "/Users/ervinyeoh/Desktop/unimods/is3107/project/.venv/lib/python3.11/site-packages/urllib3/util/retry.py", line 474, in increment
    raise reraise(type(error), error, _stacktrace)
          ^^^^^^^^^^^^^^^^^^^^^^^^^^^^^^^^^^^^^^^^
  File "/Users/ervinyeoh/Desktop/unimods/is3107/project/.venv/lib/python3.11/site-packages/urllib3/util/util.py", line 38, in reraise
    raise value.with_traceback(tb)
  File "/Users/ervinyeoh/Desktop/unimods/is3107/project/.venv/lib/python3.11/site-packages/urllib3/connectionpool.py", line 787, in urlopen
    response = self._make_request(
               ^^^^^^^^^^^^^^^^^^^
  File "/Users/ervinyeoh/Desktop/unimods/is3107/project/.venv/lib/python3.11/site-packages/urllib3/connectionpool.py", line 534, in _make_request
    response = conn.getresponse()
               ^^^^^^^^^^^^^^^^^^
  File "/Users/ervinyeoh/Desktop/unimods/is3107/project/.venv/lib/python3.11/site-packages/urllib3/connection.py", line 516, in getresponse
    httplib_response = super().getresponse()
                       ^^^^^^^^^^^^^^^^^^^^^
  File "/Library/Frameworks/Python.framework/Versions/3.11/lib/python3.11/http/client.py", line 1378, in getresponse
    response.begin()
  File "/Library/Frameworks/Python.framework/Versions/3.11/lib/python3.11/http/client.py", line 318, in begin
    version, status, reason = self._read_status()
                              ^^^^^^^^^^^^^^^^^^^
  File "/Library/Frameworks/Python.framework/Versions/3.11/lib/python3.11/http/client.py", line 287, in _read_status
    raise RemoteDisconnected("Remote end closed connection without"
urllib3.exceptions.ProtocolError: ('Connection aborted.', RemoteDisconnected('Remote end closed connection without response'))

During handling of the above exception, another exception occurred:

Traceback (most recent call last):
  File "/Users/ervinyeoh/Desktop/unimods/is3107/project/.venv/lib/python3.11/site-packages/airflow/task/task_runner/standard_task_runner.py", line 117, in _start_by_fork
    ret = args.func(args, dag=self.dag)
          ^^^^^^^^^^^^^^^^^^^^^^^^^^^^^
  File "/Users/ervinyeoh/Desktop/unimods/is3107/project/.venv/lib/python3.11/site-packages/airflow/cli/cli_config.py", line 49, in command
    return func(*args, **kwargs)
           ^^^^^^^^^^^^^^^^^^^^^
  File "/Users/ervinyeoh/Desktop/unimods/is3107/project/.venv/lib/python3.11/site-packages/airflow/utils/cli.py", line 116, in wrapper
    return f(*args, **kwargs)
           ^^^^^^^^^^^^^^^^^^
  File "/Users/ervinyeoh/Desktop/unimods/is3107/project/.venv/lib/python3.11/site-packages/airflow/cli/commands/task_command.py", line 483, in task_run
    task_return_code = _run_task_by_selected_method(args, _dag, ti)
                       ^^^^^^^^^^^^^^^^^^^^^^^^^^^^^^^^^^^^^^^^^^^^
  File "/Users/ervinyeoh/Desktop/unimods/is3107/project/.venv/lib/python3.11/site-packages/airflow/cli/commands/task_command.py", line 256, in _run_task_by_selected_method
    return _run_raw_task(args, ti)
           ^^^^^^^^^^^^^^^^^^^^^^^
  File "/Users/ervinyeoh/Desktop/unimods/is3107/project/.venv/lib/python3.11/site-packages/airflow/cli/commands/task_command.py", line 341, in _run_raw_task
    return ti._run_raw_task(
           ^^^^^^^^^^^^^^^^^
  File "/Users/ervinyeoh/Desktop/unimods/is3107/project/.venv/lib/python3.11/site-packages/airflow/utils/session.py", line 97, in wrapper
    return func(*args, session=session, **kwargs)
           ^^^^^^^^^^^^^^^^^^^^^^^^^^^^^^^^^^^^^^
  File "/Users/ervinyeoh/Desktop/unimods/is3107/project/.venv/lib/python3.11/site-packages/airflow/models/taskinstance.py", line 3006, in _run_raw_task
    return _run_raw_task(
           ^^^^^^^^^^^^^^
  File "/Users/ervinyeoh/Desktop/unimods/is3107/project/.venv/lib/python3.11/site-packages/airflow/models/taskinstance.py", line 274, in _run_raw_task
    TaskInstance._execute_task_with_callbacks(
  File "/Users/ervinyeoh/Desktop/unimods/is3107/project/.venv/lib/python3.11/site-packages/airflow/models/taskinstance.py", line 3161, in _execute_task_with_callbacks
    result = self._execute_task(context, task_orig)
             ^^^^^^^^^^^^^^^^^^^^^^^^^^^^^^^^^^^^^^
  File "/Users/ervinyeoh/Desktop/unimods/is3107/project/.venv/lib/python3.11/site-packages/airflow/models/taskinstance.py", line 3185, in _execute_task
    return _execute_task(self, context, task_orig)
           ^^^^^^^^^^^^^^^^^^^^^^^^^^^^^^^^^^^^^^^
  File "/Users/ervinyeoh/Desktop/unimods/is3107/project/.venv/lib/python3.11/site-packages/airflow/models/taskinstance.py", line 768, in _execute_task
    result = _execute_callable(context=context, **execute_callable_kwargs)
             ^^^^^^^^^^^^^^^^^^^^^^^^^^^^^^^^^^^^^^^^^^^^^^^^^^^^^^^^^^^^^
  File "/Users/ervinyeoh/Desktop/unimods/is3107/project/.venv/lib/python3.11/site-packages/airflow/models/taskinstance.py", line 734, in _execute_callable
    return ExecutionCallableRunner(
           ^^^^^^^^^^^^^^^^^^^^^^^^
  File "/Users/ervinyeoh/Desktop/unimods/is3107/project/.venv/lib/python3.11/site-packages/airflow/utils/operator_helpers.py", line 252, in run
    return self.func(*args, **kwargs)
           ^^^^^^^^^^^^^^^^^^^^^^^^^^
  File "/Users/ervinyeoh/Desktop/unimods/is3107/project/.venv/lib/python3.11/site-packages/airflow/models/baseoperator.py", line 424, in wrapper
    return func(self, *args, **kwargs)
           ^^^^^^^^^^^^^^^^^^^^^^^^^^^
  File "/Users/ervinyeoh/Desktop/unimods/is3107/project/.venv/lib/python3.11/site-packages/airflow/decorators/base.py", line 266, in execute
    return_value = super().execute(context)
                   ^^^^^^^^^^^^^^^^^^^^^^^^
  File "/Users/ervinyeoh/Desktop/unimods/is3107/project/.venv/lib/python3.11/site-packages/airflow/models/baseoperator.py", line 424, in wrapper
    return func(self, *args, **kwargs)
           ^^^^^^^^^^^^^^^^^^^^^^^^^^^
  File "/Users/ervinyeoh/Desktop/unimods/is3107/project/.venv/lib/python3.11/site-packages/airflow/operators/python.py", line 238, in execute
    return_value = self.execute_callable()
                   ^^^^^^^^^^^^^^^^^^^^^^^
  File "/Users/ervinyeoh/Desktop/unimods/is3107/project/.venv/lib/python3.11/site-packages/airflow/operators/python.py", line 256, in execute_callable
    return runner.run(*self.op_args, **self.op_kwargs)
           ^^^^^^^^^^^^^^^^^^^^^^^^^^^^^^^^^^^^^^^^^^^
  File "/Users/ervinyeoh/Desktop/unimods/is3107/project/.venv/lib/python3.11/site-packages/airflow/utils/operator_helpers.py", line 252, in run
    return self.func(*args, **kwargs)
           ^^^^^^^^^^^^^^^^^^^^^^^^^^
  File "/Users/ervinyeoh/Desktop/unimods/is3107/project/airflow/dags/dag.py", line 42, in run_yf
    run_yf_scraper(tickers)
  File "/Users/ervinyeoh/Desktop/unimods/is3107/project/airflow/dags/yf_scraper.py", line 28, in run_yf_scraper
    response = requests.get(YF_API_URL, params=params)
               ^^^^^^^^^^^^^^^^^^^^^^^^^^^^^^^^^^^^^^^
  File "/Users/ervinyeoh/Desktop/unimods/is3107/project/.venv/lib/python3.11/site-packages/requests/api.py", line 73, in get
    return request("get", url, params=params, **kwargs)
           ^^^^^^^^^^^^^^^^^^^^^^^^^^^^^^^^^^^^^^^^^^^^
  File "/Users/ervinyeoh/Desktop/unimods/is3107/project/.venv/lib/python3.11/site-packages/requests/api.py", line 59, in request
    return session.request(method=method, url=url, **kwargs)
           ^^^^^^^^^^^^^^^^^^^^^^^^^^^^^^^^^^^^^^^^^^^^^^^^^
  File "/Users/ervinyeoh/Desktop/unimods/is3107/project/.venv/lib/python3.11/site-packages/requests/sessions.py", line 589, in request
    resp = self.send(prep, **send_kwargs)
           ^^^^^^^^^^^^^^^^^^^^^^^^^^^^^^
  File "/Users/ervinyeoh/Desktop/unimods/is3107/project/.venv/lib/python3.11/site-packages/requests/sessions.py", line 703, in send
    r = adapter.send(request, **kwargs)
        ^^^^^^^^^^^^^^^^^^^^^^^^^^^^^^^
  File "/Users/ervinyeoh/Desktop/unimods/is3107/project/.venv/lib/python3.11/site-packages/requests/adapters.py", line 682, in send
    raise ConnectionError(err, request=request)
requests.exceptions.ConnectionError: ('Connection aborted.', RemoteDisconnected('Remote end closed connection without response'))
[2025-03-23T11:57:21.696+0800] {local_task_job_runner.py:266} INFO - Task exited with return code 1
[2025-03-23T11:57:21.753+0800] {taskinstance.py:3901} INFO - 0 downstream tasks scheduled from follow-on schedule check
[2025-03-23T11:57:21.753+0800] {local_task_job_runner.py:245} INFO - ::endgroup::
